{"/Users/nrademacher/Projects/portfolio/pulse/api/src/services.ts": {"path":"/Users/nrademacher/Projects/portfolio/pulse/api/src/services.ts","statementMap":{"0":{"start":{"line":1,"column":0},"end":{"line":1,"column":46}},"1":{"start":{"line":2,"column":0},"end":{"line":2,"column":47}},"2":{"start":{"line":4,"column":13},"end":{"line":4,"column":41}},"3":{"start":{"line":5,"column":13},"end":{"line":5,"column":51}},"4":{"start":{"line":7,"column":13},"end":{"line":7,"column":35}}},"fnMap":{},"branchMap":{},"s":{"0":7,"1":7,"2":7,"3":7,"4":7},"f":{},"b":{}}
,"/Users/nrademacher/Projects/portfolio/pulse/api/src/lib/config.ts": {"path":"/Users/nrademacher/Projects/portfolio/pulse/api/src/lib/config.ts","statementMap":{"0":{"start":{"line":1,"column":0},"end":{"line":1,"column":48}},"1":{"start":{"line":3,"column":0},"end":{"line":3,"column":15}},"2":{"start":{"line":10,"column":13},"end":{"line":13,"column":2}}},"fnMap":{},"branchMap":{"0":{"loc":{"start":{"line":11,"column":8},"end":{"line":11,"column":32}},"type":"binary-expr","locations":[{"start":{"line":11,"column":8},"end":{"line":11,"column":32}},{"start":{"line":11,"column":36},"end":{"line":11,"column":40}}]},"1":{"loc":{"start":{"line":12,"column":16},"end":{"line":12,"column":38}},"type":"binary-expr","locations":[{"start":{"line":12,"column":16},"end":{"line":12,"column":38}},{"start":{"line":12,"column":42},"end":{"line":12,"column":66}}]}},"s":{"0":5,"1":5,"2":5},"f":{},"b":{"0":[5,5],"1":[5,0]}}
,"/Users/nrademacher/Projects/portfolio/pulse/api/src/lib/format-error.ts": {"path":"/Users/nrademacher/Projects/portfolio/pulse/api/src/lib/format-error.ts","statementMap":{"0":{"start":{"line":4,"column":2},"end":{"line":6,"column":null}},"1":{"start":{"line":5,"column":4},"end":{"line":5,"column":46}},"2":{"start":{"line":8,"column":2},"end":{"line":8,"column":15}},"3":{"start":{"line":3,"column":0},"end":{"line":3,"column":16}}},"fnMap":{"0":{"name":"formatError","decl":{"start":{"line":3,"column":16},"end":{"line":3,"column":27}},"loc":{"start":{"line":3,"column":47},"end":{"line":9,"column":1}}}},"branchMap":{"0":{"loc":{"start":{"line":4,"column":2},"end":{"line":6,"column":null}},"type":"if","locations":[{"start":{"line":4,"column":2},"end":{"line":6,"column":null}},{"start":{"line":4,"column":2},"end":{"line":6,"column":null}}]}},"s":{"0":0,"1":0,"2":0,"3":5},"f":{"0":0},"b":{"0":[0,0]}}
,"/Users/nrademacher/Projects/portfolio/pulse/api/src/lib/index.ts": {"path":"/Users/nrademacher/Projects/portfolio/pulse/api/src/lib/index.ts","statementMap":{"0":{"start":{"line":1,"column":0},"end":{"line":1,"column":9}},"1":{"start":{"line":1,"column":9},"end":{"line":1,"column":34}},"2":{"start":{"line":2,"column":0},"end":{"line":2,"column":9}},"3":{"start":{"line":2,"column":9},"end":{"line":2,"column":34}},"4":{"start":{"line":3,"column":0},"end":{"line":3,"column":9}},"5":{"start":{"line":3,"column":9},"end":{"line":3,"column":45}}},"fnMap":{"0":{"name":"(anonymous_0)","decl":{"start":{"line":1,"column":9},"end":{"line":1,"column":15}},"loc":{"start":{"line":1,"column":9},"end":{"line":1,"column":34}}},"1":{"name":"(anonymous_1)","decl":{"start":{"line":2,"column":9},"end":{"line":2,"column":15}},"loc":{"start":{"line":2,"column":9},"end":{"line":2,"column":34}}},"2":{"name":"(anonymous_2)","decl":{"start":{"line":3,"column":9},"end":{"line":3,"column":20}},"loc":{"start":{"line":3,"column":9},"end":{"line":3,"column":45}}}},"branchMap":{},"s":{"0":5,"1":5,"2":5,"3":6,"4":5,"5":5},"f":{"0":0,"1":1,"2":0},"b":{}}
,"/Users/nrademacher/Projects/portfolio/pulse/api/src/lib/schema.ts": {"path":"/Users/nrademacher/Projects/portfolio/pulse/api/src/lib/schema.ts","statementMap":{"0":{"start":{"line":1,"column":0},"end":{"line":1,"column":53}},"1":{"start":{"line":2,"column":0},"end":{"line":2,"column":33}},"2":{"start":{"line":3,"column":0},"end":{"line":3,"column":71}},"3":{"start":{"line":4,"column":0},"end":{"line":4,"column":61}},"4":{"start":{"line":5,"column":0},"end":{"line":5,"column":46}},"5":{"start":{"line":7,"column":19},"end":{"line":9,"column":2}},"6":{"start":{"line":11,"column":13},"end":{"line":14,"column":3}}},"fnMap":{},"branchMap":{},"s":{"0":5,"1":5,"2":5,"3":5,"4":5,"5":5,"6":5},"f":{},"b":{}}
,"/Users/nrademacher/Projects/portfolio/pulse/api/src/modules/contexts.ts": {"path":"/Users/nrademacher/Projects/portfolio/pulse/api/src/modules/contexts.ts","statementMap":{"0":{"start":{"line":2,"column":0},"end":{"line":2,"column":48}},"1":{"start":{"line":3,"column":0},"end":{"line":3,"column":37}},"2":{"start":{"line":11,"column":13},"end":{"line":11,"column":57}}},"fnMap":{},"branchMap":{},"s":{"0":5,"1":5,"2":5},"f":{},"b":{}}
,"/Users/nrademacher/Projects/portfolio/pulse/api/src/modules/index.ts": {"path":"/Users/nrademacher/Projects/portfolio/pulse/api/src/modules/index.ts","statementMap":{"0":{"start":{"line":1,"column":0},"end":{"line":1,"column":9}},"1":{"start":{"line":1,"column":9},"end":{"line":1,"column":40}},"2":{"start":{"line":2,"column":0},"end":{"line":2,"column":9}},"3":{"start":{"line":2,"column":9},"end":{"line":2,"column":44}}},"fnMap":{"0":{"name":"(anonymous_0)","decl":{"start":{"line":1,"column":9},"end":{"line":1,"column":18}},"loc":{"start":{"line":1,"column":9},"end":{"line":1,"column":40}}},"1":{"name":"(anonymous_1)","decl":{"start":{"line":2,"column":9},"end":{"line":2,"column":23}},"loc":{"start":{"line":2,"column":9},"end":{"line":2,"column":44}}}},"branchMap":{},"s":{"0":5,"1":10,"2":5,"3":5},"f":{"0":5,"1":0},"b":{}}
,"/Users/nrademacher/Projects/portfolio/pulse/api/src/modules/resolvers.ts": {"path":"/Users/nrademacher/Projects/portfolio/pulse/api/src/modules/resolvers.ts","statementMap":{"0":{"start":{"line":2,"column":0},"end":{"line":2,"column":49}},"1":{"start":{"line":3,"column":0},"end":{"line":3,"column":39}},"2":{"start":{"line":4,"column":0},"end":{"line":4,"column":39}},"3":{"start":{"line":6,"column":13},"end":{"line":9,"column":2}}},"fnMap":{},"branchMap":{},"s":{"0":5,"1":5,"2":5,"3":5},"f":{},"b":{}}
,"/Users/nrademacher/Projects/portfolio/pulse/api/src/modules/chat/index.ts": {"path":"/Users/nrademacher/Projects/portfolio/pulse/api/src/modules/chat/index.ts","statementMap":{"0":{"start":{"line":1,"column":0},"end":{"line":1,"column":9}},"1":{"start":{"line":1,"column":9},"end":{"line":1,"column":42}}},"fnMap":{"0":{"name":"(anonymous_0)","decl":{"start":{"line":1,"column":9},"end":{"line":1,"column":22}},"loc":{"start":{"line":1,"column":9},"end":{"line":1,"column":42}}}},"branchMap":{},"s":{"0":5,"1":10},"f":{"0":5},"b":{}}
,"/Users/nrademacher/Projects/portfolio/pulse/api/src/modules/chat/graphql/index.ts": {"path":"/Users/nrademacher/Projects/portfolio/pulse/api/src/modules/chat/graphql/index.ts","statementMap":{"0":{"start":{"line":1,"column":0},"end":{"line":1,"column":45}}},"fnMap":{},"branchMap":{},"s":{"0":5},"f":{},"b":{}}
,"/Users/nrademacher/Projects/portfolio/pulse/api/src/modules/chat/graphql/resolvers/index.ts": {"path":"/Users/nrademacher/Projects/portfolio/pulse/api/src/modules/chat/graphql/resolvers/index.ts","statementMap":{"0":{"start":{"line":1,"column":0},"end":{"line":1,"column":9}},"1":{"start":{"line":6,"column":17},"end":{"line":1,"column":40}},"2":{"start":{"line":2,"column":0},"end":{"line":2,"column":9}},"3":{"start":{"line":7,"column":19},"end":{"line":2,"column":44}},"4":{"start":{"line":3,"column":0},"end":{"line":3,"column":9}},"5":{"start":{"line":8,"column":23},"end":{"line":3,"column":52}}},"fnMap":{"0":{"name":"(anonymous_0)","decl":{"start":{"line":6,"column":17},"end":{"line":6,"column":22}},"loc":{"start":{"line":6,"column":17},"end":{"line":1,"column":40}}},"1":{"name":"(anonymous_1)","decl":{"start":{"line":7,"column":19},"end":{"line":7,"column":27}},"loc":{"start":{"line":7,"column":19},"end":{"line":2,"column":44}}},"2":{"name":"(anonymous_2)","decl":{"start":{"line":8,"column":23},"end":{"line":8,"column":35}},"loc":{"start":{"line":8,"column":23},"end":{"line":3,"column":52}}}},"branchMap":{},"s":{"0":5,"1":15,"2":5,"3":15,"4":5,"5":15},"f":{"0":10,"1":10,"2":10},"b":{}}
,"/Users/nrademacher/Projects/portfolio/pulse/api/src/modules/chat/graphql/resolvers/mutations.ts": {"path":"/Users/nrademacher/Projects/portfolio/pulse/api/src/modules/chat/graphql/resolvers/mutations.ts","statementMap":{"0":{"start":{"line":2,"column":0},"end":{"line":2,"column":60}},"1":{"start":{"line":3,"column":0},"end":{"line":3,"column":43}},"2":{"start":{"line":4,"column":0},"end":{"line":4,"column":44}},"3":{"start":{"line":5,"column":0},"end":{"line":5,"column":52}},"4":{"start":{"line":7,"column":13},"end":{"line":32,"column":2}},"5":{"start":{"line":10,"column":20},"end":{"line":10,"column":22}},"6":{"start":{"line":10,"column":29},"end":{"line":10,"column":31}},"7":{"start":{"line":10,"column":38},"end":{"line":10,"column":40}},"8":{"start":{"line":11,"column":12},"end":{"line":11,"column":14}},"9":{"start":{"line":13,"column":4},"end":{"line":13,"column":64}},"10":{"start":{"line":13,"column":17},"end":{"line":13,"column":64}},"11":{"start":{"line":16,"column":25},"end":{"line":21,"column":null}},"12":{"start":{"line":16,"column":12},"end":{"line":21,"column":null}},"13":{"start":{"line":23,"column":14},"end":{"line":23,"column":52}},"14":{"start":{"line":25,"column":6},"end":{"line":25,"column":69}},"15":{"start":{"line":27,"column":6},"end":{"line":27,"column":24}},"16":{"start":{"line":29,"column":6},"end":{"line":29,"column":56}}},"fnMap":{"0":{"name":"(anonymous_13)","decl":{"start":{"line":8,"column":15},"end":{"line":8,"column":null}},"loc":{"start":{"line":11,"column":14},"end":{"line":31,"column":null}}}},"branchMap":{"0":{"loc":{"start":{"line":13,"column":4},"end":{"line":13,"column":64}},"type":"if","locations":[{"start":{"line":13,"column":4},"end":{"line":13,"column":64}},{"start":{"line":13,"column":4},"end":{"line":13,"column":64}}]}},"s":{"0":5,"1":5,"2":5,"3":5,"4":5,"5":0,"6":0,"7":0,"8":0,"9":0,"10":0,"11":0,"12":0,"13":0,"14":0,"15":0,"16":0},"f":{"0":0},"b":{"0":[0,0]}}
,"/Users/nrademacher/Projects/portfolio/pulse/api/src/modules/chat/graphql/resolvers/queries.ts": {"path":"/Users/nrademacher/Projects/portfolio/pulse/api/src/modules/chat/graphql/resolvers/queries.ts","statementMap":{"0":{"start":{"line":2,"column":0},"end":{"line":2,"column":69}},"1":{"start":{"line":3,"column":0},"end":{"line":3,"column":60}},"2":{"start":{"line":4,"column":0},"end":{"line":4,"column":52}},"3":{"start":{"line":6,"column":13},"end":{"line":55,"column":2}},"4":{"start":{"line":7,"column":31},"end":{"line":7,"column":33}},"5":{"start":{"line":7,"column":43},"end":{"line":7,"column":45}},"6":{"start":{"line":8,"column":4},"end":{"line":8,"column":64}},"7":{"start":{"line":8,"column":17},"end":{"line":8,"column":64}},"8":{"start":{"line":11,"column":13},"end":{"line":11,"column":34}},"9":{"start":{"line":11,"column":6},"end":{"line":11,"column":34}},"10":{"start":{"line":13,"column":6},"end":{"line":13,"column":70}},"11":{"start":{"line":16,"column":48},"end":{"line":16,"column":50}},"12":{"start":{"line":17,"column":4},"end":{"line":17,"column":64}},"13":{"start":{"line":17,"column":17},"end":{"line":17,"column":64}},"14":{"start":{"line":19,"column":8},"end":{"line":19,"column":27}},"15":{"start":{"line":22,"column":14},"end":{"line":22,"column":34}},"16":{"start":{"line":22,"column":6},"end":{"line":22,"column":34}},"17":{"start":{"line":24,"column":6},"end":{"line":24,"column":70}},"18":{"start":{"line":27,"column":4},"end":{"line":27,"column":17}},"19":{"start":{"line":29,"column":48},"end":{"line":29,"column":50}},"20":{"start":{"line":30,"column":4},"end":{"line":30,"column":64}},"21":{"start":{"line":30,"column":17},"end":{"line":30,"column":64}},"22":{"start":{"line":32,"column":8},"end":{"line":32,"column":27}},"23":{"start":{"line":35,"column":14},"end":{"line":35,"column":41}},"24":{"start":{"line":35,"column":6},"end":{"line":35,"column":41}},"25":{"start":{"line":37,"column":6},"end":{"line":37,"column":70}},"26":{"start":{"line":40,"column":4},"end":{"line":40,"column":17}},"27":{"start":{"line":42,"column":37},"end":{"line":42,"column":39}},"28":{"start":{"line":42,"column":49},"end":{"line":42,"column":51}},"29":{"start":{"line":43,"column":4},"end":{"line":43,"column":64}},"30":{"start":{"line":43,"column":17},"end":{"line":43,"column":64}},"31":{"start":{"line":45,"column":8},"end":{"line":45,"column":27}},"32":{"start":{"line":48,"column":14},"end":{"line":48,"column":37}},"33":{"start":{"line":48,"column":6},"end":{"line":48,"column":37}},"34":{"start":{"line":50,"column":6},"end":{"line":50,"column":70}},"35":{"start":{"line":53,"column":4},"end":{"line":53,"column":17}}},"fnMap":{"0":{"name":"(anonymous_13)","decl":{"start":{"line":7,"column":11},"end":{"line":7,"column":18}},"loc":{"start":{"line":7,"column":45},"end":{"line":15,"column":null}}},"1":{"name":"(anonymous_16)","decl":{"start":{"line":16,"column":12},"end":{"line":16,"column":19}},"loc":{"start":{"line":16,"column":50},"end":{"line":28,"column":null}}},"2":{"name":"(anonymous_19)","decl":{"start":{"line":29,"column":12},"end":{"line":29,"column":19}},"loc":{"start":{"line":29,"column":50},"end":{"line":41,"column":null}}},"3":{"name":"(anonymous_22)","decl":{"start":{"line":42,"column":17},"end":{"line":42,"column":24}},"loc":{"start":{"line":42,"column":51},"end":{"line":54,"column":null}}}},"branchMap":{"0":{"loc":{"start":{"line":11,"column":6},"end":{"line":11,"column":34}},"type":"switch","locations":[{"start":{"line":11,"column":6},"end":{"line":11,"column":34}}]},"1":{"loc":{"start":{"line":8,"column":4},"end":{"line":8,"column":64}},"type":"if","locations":[{"start":{"line":8,"column":4},"end":{"line":8,"column":64}},{"start":{"line":8,"column":4},"end":{"line":8,"column":64}}]},"2":{"loc":{"start":{"line":27,"column":4},"end":{"line":27,"column":17}},"type":"switch","locations":[{"start":{"line":27,"column":4},"end":{"line":27,"column":17}}]},"3":{"loc":{"start":{"line":17,"column":4},"end":{"line":17,"column":64}},"type":"if","locations":[{"start":{"line":17,"column":4},"end":{"line":17,"column":64}},{"start":{"line":17,"column":4},"end":{"line":17,"column":64}}]},"4":{"loc":{"start":{"line":40,"column":4},"end":{"line":40,"column":17}},"type":"switch","locations":[{"start":{"line":40,"column":4},"end":{"line":40,"column":17}}]},"5":{"loc":{"start":{"line":30,"column":4},"end":{"line":30,"column":64}},"type":"if","locations":[{"start":{"line":30,"column":4},"end":{"line":30,"column":64}},{"start":{"line":30,"column":4},"end":{"line":30,"column":64}}]},"6":{"loc":{"start":{"line":53,"column":4},"end":{"line":53,"column":17}},"type":"switch","locations":[{"start":{"line":53,"column":4},"end":{"line":53,"column":17}}]},"7":{"loc":{"start":{"line":43,"column":4},"end":{"line":43,"column":64}},"type":"if","locations":[{"start":{"line":43,"column":4},"end":{"line":43,"column":64}},{"start":{"line":43,"column":4},"end":{"line":43,"column":64}}]}},"s":{"0":5,"1":5,"2":5,"3":5,"4":0,"5":0,"6":0,"7":0,"8":0,"9":0,"10":0,"11":0,"12":0,"13":0,"14":0,"15":0,"16":0,"17":0,"18":0,"19":0,"20":0,"21":0,"22":0,"23":0,"24":0,"25":0,"26":0,"27":0,"28":0,"29":0,"30":0,"31":0,"32":0,"33":0,"34":0,"35":0},"f":{"0":0,"1":0,"2":0,"3":0},"b":{"0":[0],"1":[0,0],"2":[0],"3":[0,0],"4":[0],"5":[0,0],"6":[0],"7":[0,0]}}
,"/Users/nrademacher/Projects/portfolio/pulse/api/src/modules/chat/graphql/resolvers/subscriptions.ts": {"path":"/Users/nrademacher/Projects/portfolio/pulse/api/src/modules/chat/graphql/resolvers/subscriptions.ts","statementMap":{"0":{"start":{"line":2,"column":0},"end":{"line":2,"column":44}},"1":{"start":{"line":4,"column":13},"end":{"line":15,"column":2}},"2":{"start":{"line":6,"column":34},"end":{"line":6,"column":36}},"3":{"start":{"line":7,"column":6},"end":{"line":7,"column":36}},"4":{"start":{"line":7,"column":20},"end":{"line":7,"column":36}},"5":{"start":{"line":9,"column":6},"end":{"line":9,"column":45}},"6":{"start":{"line":12,"column":6},"end":{"line":12,"column":21}}},"fnMap":{"0":{"name":"(anonymous_0)","decl":{"start":{"line":6,"column":15},"end":{"line":6,"column":16}},"loc":{"start":{"line":6,"column":36},"end":{"line":10,"column":5}}},"1":{"name":"(anonymous_1)","decl":{"start":{"line":11,"column":13},"end":{"line":11,"column":14}},"loc":{"start":{"line":11,"column":27},"end":{"line":13,"column":5}}}},"branchMap":{"0":{"loc":{"start":{"line":7,"column":6},"end":{"line":7,"column":36}},"type":"if","locations":[{"start":{"line":7,"column":6},"end":{"line":7,"column":36}},{"start":{"line":7,"column":6},"end":{"line":7,"column":36}}]}},"s":{"0":5,"1":5,"2":0,"3":0,"4":0,"5":0,"6":0},"f":{"0":0,"1":0},"b":{"0":[0,0]}}
,"/Users/nrademacher/Projects/portfolio/pulse/api/src/modules/chat/prisma/index.ts": {"path":"/Users/nrademacher/Projects/portfolio/pulse/api/src/modules/chat/prisma/index.ts","statementMap":{"0":{"start":{"line":1,"column":0},"end":{"line":1,"column":22}}},"fnMap":{},"branchMap":{},"s":{"0":5},"f":{},"b":{}}
,"/Users/nrademacher/Projects/portfolio/pulse/api/src/modules/chat/prisma/lib/get-user-chats.ts": {"path":"/Users/nrademacher/Projects/portfolio/pulse/api/src/modules/chat/prisma/lib/get-user-chats.ts","statementMap":{"0":{"start":{"line":1,"column":0},"end":{"line":1,"column":44}},"1":{"start":{"line":4,"column":9},"end":{"line":12,"column":5}},"2":{"start":{"line":4,"column":2},"end":{"line":12,"column":5}},"3":{"start":{"line":3,"column":0},"end":{"line":3,"column":22}},"4":{"start":{"line":16,"column":9},"end":{"line":21,"column":5}},"5":{"start":{"line":16,"column":2},"end":{"line":21,"column":5}},"6":{"start":{"line":15,"column":0},"end":{"line":15,"column":22}},"7":{"start":{"line":25,"column":9},"end":{"line":35,"column":5}},"8":{"start":{"line":25,"column":2},"end":{"line":35,"column":5}},"9":{"start":{"line":24,"column":0},"end":{"line":24,"column":22}}},"fnMap":{"0":{"name":"getMessage","decl":{"start":{"line":3,"column":22},"end":{"line":3,"column":32}},"loc":{"start":{"line":3,"column":50},"end":{"line":13,"column":null}}},"1":{"name":"getAllChats","decl":{"start":{"line":15,"column":22},"end":{"line":15,"column":33}},"loc":{"start":{"line":15,"column":33},"end":{"line":22,"column":null}}},"2":{"name":"getUserChats","decl":{"start":{"line":24,"column":22},"end":{"line":24,"column":34}},"loc":{"start":{"line":24,"column":49},"end":{"line":36,"column":null}}}},"branchMap":{"0":{"loc":{"start":{"line":4,"column":9},"end":{"line":12,"column":5}},"type":"switch","locations":[{"start":{"line":4,"column":9},"end":{"line":12,"column":5}},{"start":{"line":4,"column":2},"end":{"line":12,"column":5}}]},"1":{"loc":{"start":{"line":16,"column":9},"end":{"line":21,"column":5}},"type":"switch","locations":[{"start":{"line":16,"column":9},"end":{"line":21,"column":5}},{"start":{"line":16,"column":2},"end":{"line":21,"column":5}}]},"2":{"loc":{"start":{"line":25,"column":9},"end":{"line":35,"column":5}},"type":"switch","locations":[{"start":{"line":25,"column":9},"end":{"line":35,"column":5}},{"start":{"line":25,"column":2},"end":{"line":35,"column":5}}]}},"s":{"0":7,"1":1,"2":1,"3":7,"4":1,"5":1,"6":7,"7":1,"8":1,"9":7},"f":{"0":1,"1":1,"2":1},"b":{"0":[1,1],"1":[1,1],"2":[1,1]}}
,"/Users/nrademacher/Projects/portfolio/pulse/api/src/modules/chat/prisma/lib/index.ts": {"path":"/Users/nrademacher/Projects/portfolio/pulse/api/src/modules/chat/prisma/lib/index.ts","statementMap":{"0":{"start":{"line":1,"column":0},"end":{"line":1,"column":9}},"1":{"start":{"line":1,"column":9},"end":{"line":1,"column":21}},"2":{"start":{"line":1,"column":21},"end":{"line":1,"column":34}},"3":{"start":{"line":1,"column":34},"end":{"line":1,"column":73}},"4":{"start":{"line":2,"column":0},"end":{"line":2,"column":9}},"5":{"start":{"line":2,"column":9},"end":{"line":2,"column":45}}},"fnMap":{"0":{"name":"(anonymous_0)","decl":{"start":{"line":1,"column":9},"end":{"line":1,"column":19}},"loc":{"start":{"line":1,"column":9},"end":{"line":1,"column":21}}},"1":{"name":"(anonymous_1)","decl":{"start":{"line":1,"column":21},"end":{"line":1,"column":32}},"loc":{"start":{"line":1,"column":21},"end":{"line":1,"column":34}}},"2":{"name":"(anonymous_2)","decl":{"start":{"line":1,"column":34},"end":{"line":1,"column":46}},"loc":{"start":{"line":1,"column":34},"end":{"line":1,"column":73}}},"3":{"name":"(anonymous_3)","decl":{"start":{"line":2,"column":9},"end":{"line":2,"column":20}},"loc":{"start":{"line":2,"column":9},"end":{"line":2,"column":45}}}},"branchMap":{},"s":{"0":7,"1":8,"2":8,"3":8,"4":7,"5":17},"f":{"0":1,"1":1,"2":1,"3":10},"b":{}}
,"/Users/nrademacher/Projects/portfolio/pulse/api/src/modules/chat/prisma/lib/send-message.ts": {"path":"/Users/nrademacher/Projects/portfolio/pulse/api/src/modules/chat/prisma/lib/send-message.ts","statementMap":{"0":{"start":{"line":2,"column":0},"end":{"line":2,"column":44}},"1":{"start":{"line":12,"column":8},"end":{"line":12,"column":null}},"2":{"start":{"line":13,"column":9},"end":{"line":13,"column":null}},"3":{"start":{"line":14,"column":16},"end":{"line":14,"column":null}},"4":{"start":{"line":15,"column":9},"end":{"line":15,"column":null}},"5":{"start":{"line":19,"column":6},"end":{"line":19,"column":13}},"6":{"start":{"line":20,"column":22},"end":{"line":22,"column":null}},"7":{"start":{"line":20,"column":10},"end":{"line":22,"column":null}},"8":{"start":{"line":24,"column":4},"end":{"line":24,"column":54}},"9":{"start":{"line":24,"column":20},"end":{"line":24,"column":54}},"10":{"start":{"line":26,"column":12},"end":{"line":26,"column":19}},"11":{"start":{"line":28,"column":4},"end":{"line":28,"column":21}},"12":{"start":{"line":31,"column":2},"end":{"line":31,"column":32}},"13":{"start":{"line":31,"column":16},"end":{"line":31,"column":32}},"14":{"start":{"line":33,"column":8},"end":{"line":38,"column":4}},"15":{"start":{"line":40,"column":9},"end":{"line":46,"column":5}},"16":{"start":{"line":40,"column":2},"end":{"line":46,"column":5}},"17":{"start":{"line":11,"column":0},"end":{"line":11,"column":22}}},"fnMap":{"0":{"name":"sendMessage","decl":{"start":{"line":11,"column":22},"end":{"line":11,"column":33}},"loc":{"start":{"line":16,"column":14},"end":{"line":47,"column":null}}}},"branchMap":{"0":{"loc":{"start":{"line":40,"column":2},"end":{"line":46,"column":5}},"type":"switch","locations":[{"start":{"line":40,"column":2},"end":{"line":46,"column":5}}]},"1":{"loc":{"start":{"line":19,"column":6},"end":{"line":19,"column":13}},"type":"if","locations":[{"start":{"line":19,"column":6},"end":{"line":19,"column":13}},{"start":{"line":19,"column":6},"end":{"line":19,"column":13}}]},"2":{"loc":{"start":{"line":19,"column":6},"end":{"line":19,"column":27}},"type":"binary-expr","locations":[{"start":{"line":19,"column":6},"end":{"line":19,"column":27}},{"start":{"line":19,"column":31},"end":{"line":19,"column":45}}]},"3":{"loc":{"start":{"line":24,"column":4},"end":{"line":24,"column":54}},"type":"if","locations":[{"start":{"line":24,"column":4},"end":{"line":24,"column":54}},{"start":{"line":24,"column":4},"end":{"line":24,"column":54}}]},"4":{"loc":{"start":{"line":31,"column":2},"end":{"line":31,"column":32}},"type":"if","locations":[{"start":{"line":31,"column":2},"end":{"line":31,"column":32}},{"start":{"line":31,"column":2},"end":{"line":31,"column":32}}]}},"s":{"0":7,"1":10,"2":10,"3":10,"4":10,"5":18,"6":2,"7":2,"8":2,"9":1,"10":1,"11":1,"12":9,"13":7,"14":9,"15":9,"16":9,"17":7},"f":{"0":10},"b":{"0":[9],"1":[8,2],"2":[10,2],"3":[1,1],"4":[7,2]}}
,"/Users/nrademacher/Projects/portfolio/pulse/api/src/modules/user/index.ts": {"path":"/Users/nrademacher/Projects/portfolio/pulse/api/src/modules/user/index.ts","statementMap":{"0":{"start":{"line":1,"column":0},"end":{"line":1,"column":9}},"1":{"start":{"line":1,"column":9},"end":{"line":1,"column":24}},"2":{"start":{"line":1,"column":24},"end":{"line":1,"column":55}}},"fnMap":{"0":{"name":"(anonymous_0)","decl":{"start":{"line":1,"column":9},"end":{"line":1,"column":22}},"loc":{"start":{"line":1,"column":9},"end":{"line":1,"column":24}}},"1":{"name":"(anonymous_1)","decl":{"start":{"line":1,"column":24},"end":{"line":1,"column":35}},"loc":{"start":{"line":1,"column":24},"end":{"line":1,"column":55}}}},"branchMap":{},"s":{"0":5,"1":10,"2":10},"f":{"0":5,"1":5},"b":{}}
,"/Users/nrademacher/Projects/portfolio/pulse/api/src/modules/user/graphql/context.ts": {"path":"/Users/nrademacher/Projects/portfolio/pulse/api/src/modules/user/graphql/context.ts","statementMap":{"0":{"start":{"line":3,"column":0},"end":{"line":3,"column":40}},"1":{"start":{"line":4,"column":0},"end":{"line":4,"column":38}},"2":{"start":{"line":5,"column":0},"end":{"line":5,"column":60}},"3":{"start":{"line":6,"column":0},"end":{"line":6,"column":39}},"4":{"start":{"line":15,"column":8},"end":{"line":17,"column":4}},"5":{"start":{"line":19,"column":8},"end":{"line":19,"column":67}},"6":{"start":{"line":21,"column":2},"end":{"line":44,"column":null}},"7":{"start":{"line":22,"column":4},"end":{"line":43,"column":null}},"8":{"start":{"line":23,"column":12},"end":{"line":23,"column":36}},"9":{"start":{"line":25,"column":6},"end":{"line":27,"column":null}},"10":{"start":{"line":26,"column":8},"end":{"line":26,"column":71}},"11":{"start":{"line":29,"column":12},"end":{"line":29,"column":57}},"12":{"start":{"line":31,"column":6},"end":{"line":31,"column":66}},"13":{"start":{"line":31,"column":39},"end":{"line":31,"column":66}},"14":{"start":{"line":33,"column":6},"end":{"line":37,"column":null}},"15":{"start":{"line":34,"column":8},"end":{"line":34,"column":44}},"16":{"start":{"line":35,"column":8},"end":{"line":35,"column":52}},"17":{"start":{"line":36,"column":8},"end":{"line":36,"column":56}},"18":{"start":{"line":39,"column":12},"end":{"line":40,"column":76}},"19":{"start":{"line":42,"column":6},"end":{"line":42,"column":45}},"20":{"start":{"line":46,"column":2},"end":{"line":46,"column":29}},"21":{"start":{"line":14,"column":0},"end":{"line":14,"column":22}}},"fnMap":{"0":{"name":"createUserContext","decl":{"start":{"line":14,"column":22},"end":{"line":14,"column":39}},"loc":{"start":{"line":14,"column":56},"end":{"line":47,"column":null}}}},"branchMap":{"0":{"loc":{"start":{"line":19,"column":29},"end":{"line":19,"column":60}},"type":"binary-expr","locations":[{"start":{"line":19,"column":29},"end":{"line":19,"column":60}},{"start":{"line":19,"column":64},"end":{"line":19,"column":66}}]},"1":{"loc":{"start":{"line":19,"column":45},"end":{"line":19,"column":47}},"type":"cond-expr","locations":[{"start":{"line":19,"column":45},"end":{"line":19,"column":47}},{"start":{"line":19,"column":45},"end":{"line":19,"column":60}}]},"2":{"loc":{"start":{"line":19,"column":29},"end":{"line":19,"column":47}},"type":"binary-expr","locations":[{"start":{"line":19,"column":29},"end":{"line":19,"column":47}},{"start":{"line":19,"column":45},"end":{"line":19,"column":47}}]},"3":{"loc":{"start":{"line":19,"column":36},"end":{"line":19,"column":38}},"type":"cond-expr","locations":[{"start":{"line":19,"column":36},"end":{"line":19,"column":38}},{"start":{"line":19,"column":29},"end":{"line":19,"column":45}}]},"4":{"loc":{"start":{"line":19,"column":29},"end":{"line":19,"column":38}},"type":"binary-expr","locations":[{"start":{"line":19,"column":29},"end":{"line":19,"column":38}},{"start":{"line":19,"column":29},"end":{"line":19,"column":38}}]},"5":{"loc":{"start":{"line":21,"column":2},"end":{"line":44,"column":null}},"type":"if","locations":[{"start":{"line":21,"column":2},"end":{"line":44,"column":null}},{"start":{"line":21,"column":2},"end":{"line":44,"column":null}}]},"6":{"loc":{"start":{"line":25,"column":6},"end":{"line":27,"column":null}},"type":"if","locations":[{"start":{"line":25,"column":6},"end":{"line":27,"column":null}},{"start":{"line":25,"column":6},"end":{"line":27,"column":null}}]},"7":{"loc":{"start":{"line":25,"column":10},"end":{"line":25,"column":35}},"type":"binary-expr","locations":[{"start":{"line":25,"column":10},"end":{"line":25,"column":35}},{"start":{"line":25,"column":39},"end":{"line":25,"column":52}}]},"8":{"loc":{"start":{"line":31,"column":6},"end":{"line":31,"column":66}},"type":"if","locations":[{"start":{"line":31,"column":6},"end":{"line":31,"column":66}},{"start":{"line":31,"column":6},"end":{"line":31,"column":66}}]},"9":{"loc":{"start":{"line":33,"column":6},"end":{"line":37,"column":null}},"type":"if","locations":[{"start":{"line":33,"column":6},"end":{"line":37,"column":null}},{"start":{"line":33,"column":6},"end":{"line":37,"column":null}}]},"10":{"loc":{"start":{"line":40,"column":33},"end":{"line":40,"column":46}},"type":"cond-expr","locations":[{"start":{"line":40,"column":33},"end":{"line":40,"column":46}},{"start":{"line":40,"column":49},"end":{"line":40,"column":75}}]}},"s":{"0":5,"1":5,"2":5,"3":5,"4":0,"5":0,"6":0,"7":0,"8":0,"9":0,"10":0,"11":0,"12":0,"13":0,"14":0,"15":0,"16":0,"17":0,"18":0,"19":0,"20":0,"21":5},"f":{"0":0},"b":{"0":[0,0],"1":[0,0],"2":[0,0],"3":[0,0],"4":[0,0],"5":[0,0],"6":[0,0],"7":[0,0],"8":[0,0],"9":[0,0],"10":[0,0]}}
,"/Users/nrademacher/Projects/portfolio/pulse/api/src/modules/user/graphql/index.ts": {"path":"/Users/nrademacher/Projects/portfolio/pulse/api/src/modules/user/graphql/index.ts","statementMap":{"0":{"start":{"line":1,"column":0},"end":{"line":1,"column":45}},"1":{"start":{"line":2,"column":0},"end":{"line":2,"column":9}},"2":{"start":{"line":2,"column":9},"end":{"line":2,"column":41}}},"fnMap":{"0":{"name":"(anonymous_6)","decl":{"start":{"line":2,"column":9},"end":{"line":2,"column":26}},"loc":{"start":{"line":2,"column":9},"end":{"line":2,"column":41}}}},"branchMap":{},"s":{"0":5,"1":5,"2":10},"f":{"0":5},"b":{}}
,"/Users/nrademacher/Projects/portfolio/pulse/api/src/modules/user/graphql/resolvers/index.ts": {"path":"/Users/nrademacher/Projects/portfolio/pulse/api/src/modules/user/graphql/resolvers/index.ts","statementMap":{"0":{"start":{"line":1,"column":0},"end":{"line":1,"column":9}},"1":{"start":{"line":6,"column":17},"end":{"line":1,"column":40}},"2":{"start":{"line":2,"column":0},"end":{"line":2,"column":9}},"3":{"start":{"line":7,"column":19},"end":{"line":2,"column":44}},"4":{"start":{"line":3,"column":0},"end":{"line":3,"column":9}},"5":{"start":{"line":8,"column":23},"end":{"line":3,"column":52}}},"fnMap":{"0":{"name":"(anonymous_0)","decl":{"start":{"line":6,"column":17},"end":{"line":6,"column":22}},"loc":{"start":{"line":6,"column":17},"end":{"line":1,"column":40}}},"1":{"name":"(anonymous_1)","decl":{"start":{"line":7,"column":19},"end":{"line":7,"column":27}},"loc":{"start":{"line":7,"column":19},"end":{"line":2,"column":44}}},"2":{"name":"(anonymous_2)","decl":{"start":{"line":8,"column":23},"end":{"line":8,"column":35}},"loc":{"start":{"line":8,"column":23},"end":{"line":3,"column":52}}}},"branchMap":{},"s":{"0":5,"1":15,"2":5,"3":15,"4":5,"5":15},"f":{"0":10,"1":10,"2":10},"b":{}}
,"/Users/nrademacher/Projects/portfolio/pulse/api/src/modules/user/graphql/resolvers/mutations.ts": {"path":"/Users/nrademacher/Projects/portfolio/pulse/api/src/modules/user/graphql/resolvers/mutations.ts","statementMap":{"0":{"start":{"line":2,"column":0},"end":{"line":2,"column":null}},"1":{"start":{"line":9,"column":0},"end":{"line":9,"column":60}},"2":{"start":{"line":10,"column":0},"end":{"line":10,"column":44}},"3":{"start":{"line":11,"column":0},"end":{"line":11,"column":52}},"4":{"start":{"line":13,"column":13},"end":{"line":83,"column":2}},"5":{"start":{"line":14,"column":40},"end":{"line":38,"column":null}},"6":{"start":{"line":15,"column":12},"end":{"line":15,"column":66}},"7":{"start":{"line":17,"column":4},"end":{"line":19,"column":null}},"8":{"start":{"line":18,"column":6},"end":{"line":18,"column":59}},"9":{"start":{"line":22,"column":22},"end":{"line":30,"column":null}},"10":{"start":{"line":22,"column":12},"end":{"line":30,"column":null}},"11":{"start":{"line":32,"column":6},"end":{"line":32,"column":41}},"12":{"start":{"line":34,"column":6},"end":{"line":34,"column":21}},"13":{"start":{"line":36,"column":6},"end":{"line":36,"column":60}},"14":{"start":{"line":39,"column":41},"end":{"line":39,"column":43}},"15":{"start":{"line":39,"column":53},"end":{"line":39,"column":55}},"16":{"start":{"line":39,"column":63},"end":{"line":39,"column":65}},"17":{"start":{"line":40,"column":4},"end":{"line":40,"column":64}},"18":{"start":{"line":40,"column":17},"end":{"line":40,"column":64}},"19":{"start":{"line":42,"column":4},"end":{"line":42,"column":77}},"20":{"start":{"line":42,"column":30},"end":{"line":42,"column":77}},"21":{"start":{"line":45,"column":13},"end":{"line":45,"column":41}},"22":{"start":{"line":45,"column":6},"end":{"line":45,"column":41}},"23":{"start":{"line":47,"column":6},"end":{"line":47,"column":55}},"24":{"start":{"line":52,"column":15},"end":{"line":52,"column":17}},"25":{"start":{"line":52,"column":24},"end":{"line":52,"column":26}},"26":{"start":{"line":53,"column":12},"end":{"line":53,"column":14}},"27":{"start":{"line":53,"column":22},"end":{"line":53,"column":24}},"28":{"start":{"line":55,"column":4},"end":{"line":55,"column":64}},"29":{"start":{"line":55,"column":17},"end":{"line":55,"column":64}},"30":{"start":{"line":57,"column":4},"end":{"line":57,"column":77}},"31":{"start":{"line":57,"column":30},"end":{"line":57,"column":77}},"32":{"start":{"line":60,"column":13},"end":{"line":60,"column":54}},"33":{"start":{"line":60,"column":6},"end":{"line":60,"column":54}},"34":{"start":{"line":62,"column":6},"end":{"line":62,"column":59}},"35":{"start":{"line":65,"column":41},"end":{"line":65,"column":43}},"36":{"start":{"line":65,"column":53},"end":{"line":65,"column":55}},"37":{"start":{"line":66,"column":4},"end":{"line":66,"column":64}},"38":{"start":{"line":66,"column":17},"end":{"line":66,"column":64}},"39":{"start":{"line":69,"column":13},"end":{"line":69,"column":49}},"40":{"start":{"line":69,"column":6},"end":{"line":69,"column":49}},"41":{"start":{"line":71,"column":6},"end":{"line":71,"column":58}},"42":{"start":{"line":74,"column":57},"end":{"line":74,"column":59}},"43":{"start":{"line":74,"column":69},"end":{"line":74,"column":71}},"44":{"start":{"line":75,"column":4},"end":{"line":75,"column":64}},"45":{"start":{"line":75,"column":17},"end":{"line":75,"column":64}},"46":{"start":{"line":78,"column":13},"end":{"line":78,"column":65}},"47":{"start":{"line":78,"column":6},"end":{"line":78,"column":65}},"48":{"start":{"line":80,"column":6},"end":{"line":80,"column":67}}},"fnMap":{"0":{"name":"(anonymous_13)","decl":{"start":{"line":14,"column":14},"end":{"line":14,"column":21}},"loc":{"start":{"line":14,"column":40},"end":{"line":38,"column":null}}},"1":{"name":"(anonymous_14)","decl":{"start":{"line":14,"column":40},"end":{"line":14,"column":null}},"loc":{"start":{"line":14,"column":40},"end":{"line":38,"column":null}}},"2":{"name":"(anonymous_16)","decl":{"start":{"line":39,"column":14},"end":{"line":39,"column":21}},"loc":{"start":{"line":39,"column":65},"end":{"line":49,"column":null}}},"3":{"name":"(anonymous_19)","decl":{"start":{"line":50,"column":18},"end":{"line":50,"column":null}},"loc":{"start":{"line":53,"column":24},"end":{"line":64,"column":null}}},"4":{"name":"(anonymous_22)","decl":{"start":{"line":65,"column":17},"end":{"line":65,"column":24}},"loc":{"start":{"line":65,"column":55},"end":{"line":73,"column":null}}},"5":{"name":"(anonymous_25)","decl":{"start":{"line":74,"column":25},"end":{"line":74,"column":32}},"loc":{"start":{"line":74,"column":71},"end":{"line":82,"column":null}}}},"branchMap":{"0":{"loc":{"start":{"line":17,"column":4},"end":{"line":19,"column":null}},"type":"if","locations":[{"start":{"line":17,"column":4},"end":{"line":19,"column":null}},{"start":{"line":17,"column":4},"end":{"line":19,"column":null}}]},"1":{"loc":{"start":{"line":17,"column":8},"end":{"line":17,"column":14}},"type":"binary-expr","locations":[{"start":{"line":17,"column":8},"end":{"line":17,"column":14}},{"start":{"line":17,"column":18},"end":{"line":17,"column":27}}]},"2":{"loc":{"start":{"line":45,"column":6},"end":{"line":45,"column":41}},"type":"switch","locations":[{"start":{"line":45,"column":6},"end":{"line":45,"column":41}}]},"3":{"loc":{"start":{"line":40,"column":4},"end":{"line":40,"column":64}},"type":"if","locations":[{"start":{"line":40,"column":4},"end":{"line":40,"column":64}},{"start":{"line":40,"column":4},"end":{"line":40,"column":64}}]},"4":{"loc":{"start":{"line":42,"column":4},"end":{"line":42,"column":77}},"type":"if","locations":[{"start":{"line":42,"column":4},"end":{"line":42,"column":77}},{"start":{"line":42,"column":4},"end":{"line":42,"column":77}}]},"5":{"loc":{"start":{"line":60,"column":6},"end":{"line":60,"column":54}},"type":"switch","locations":[{"start":{"line":60,"column":6},"end":{"line":60,"column":54}}]},"6":{"loc":{"start":{"line":55,"column":4},"end":{"line":55,"column":64}},"type":"if","locations":[{"start":{"line":55,"column":4},"end":{"line":55,"column":64}},{"start":{"line":55,"column":4},"end":{"line":55,"column":64}}]},"7":{"loc":{"start":{"line":57,"column":4},"end":{"line":57,"column":77}},"type":"if","locations":[{"start":{"line":57,"column":4},"end":{"line":57,"column":77}},{"start":{"line":57,"column":4},"end":{"line":57,"column":77}}]},"8":{"loc":{"start":{"line":69,"column":6},"end":{"line":69,"column":49}},"type":"switch","locations":[{"start":{"line":69,"column":6},"end":{"line":69,"column":49}}]},"9":{"loc":{"start":{"line":66,"column":4},"end":{"line":66,"column":64}},"type":"if","locations":[{"start":{"line":66,"column":4},"end":{"line":66,"column":64}},{"start":{"line":66,"column":4},"end":{"line":66,"column":64}}]},"10":{"loc":{"start":{"line":78,"column":6},"end":{"line":78,"column":65}},"type":"switch","locations":[{"start":{"line":78,"column":6},"end":{"line":78,"column":65}}]},"11":{"loc":{"start":{"line":75,"column":4},"end":{"line":75,"column":64}},"type":"if","locations":[{"start":{"line":75,"column":4},"end":{"line":75,"column":64}},{"start":{"line":75,"column":4},"end":{"line":75,"column":64}}]}},"s":{"0":5,"1":5,"2":5,"3":5,"4":5,"5":0,"6":0,"7":0,"8":0,"9":0,"10":0,"11":0,"12":0,"13":0,"14":0,"15":0,"16":0,"17":0,"18":0,"19":0,"20":0,"21":0,"22":0,"23":0,"24":0,"25":0,"26":0,"27":0,"28":0,"29":0,"30":0,"31":0,"32":0,"33":0,"34":0,"35":0,"36":0,"37":0,"38":0,"39":0,"40":0,"41":0,"42":0,"43":0,"44":0,"45":0,"46":0,"47":0,"48":0},"f":{"0":0,"1":0,"2":0,"3":0,"4":0,"5":0},"b":{"0":[0,0],"1":[0,0],"2":[0],"3":[0,0],"4":[0,0],"5":[0],"6":[0,0],"7":[0,0],"8":[0],"9":[0,0],"10":[0],"11":[0,0]}}
,"/Users/nrademacher/Projects/portfolio/pulse/api/src/modules/user/graphql/resolvers/queries.ts": {"path":"/Users/nrademacher/Projects/portfolio/pulse/api/src/modules/user/graphql/resolvers/queries.ts","statementMap":{"0":{"start":{"line":2,"column":0},"end":{"line":2,"column":null}},"1":{"start":{"line":9,"column":0},"end":{"line":9,"column":52}},"2":{"start":{"line":10,"column":0},"end":{"line":10,"column":60}},"3":{"start":{"line":12,"column":13},"end":{"line":77,"column":2}},"4":{"start":{"line":13,"column":32},"end":{"line":13,"column":34}},"5":{"start":{"line":13,"column":42},"end":{"line":13,"column":44}},"6":{"start":{"line":14,"column":4},"end":{"line":16,"column":null}},"7":{"start":{"line":15,"column":6},"end":{"line":15,"column":59}},"8":{"start":{"line":19,"column":13},"end":{"line":19,"column":46}},"9":{"start":{"line":19,"column":6},"end":{"line":19,"column":46}},"10":{"start":{"line":21,"column":6},"end":{"line":21,"column":56}},"11":{"start":{"line":24,"column":44},"end":{"line":24,"column":46}},"12":{"start":{"line":25,"column":4},"end":{"line":25,"column":64}},"13":{"start":{"line":25,"column":17},"end":{"line":25,"column":64}},"14":{"start":{"line":28,"column":13},"end":{"line":28,"column":39}},"15":{"start":{"line":28,"column":6},"end":{"line":28,"column":39}},"16":{"start":{"line":30,"column":6},"end":{"line":30,"column":53}},"17":{"start":{"line":33,"column":32},"end":{"line":33,"column":34}},"18":{"start":{"line":33,"column":44},"end":{"line":33,"column":46}},"19":{"start":{"line":34,"column":4},"end":{"line":34,"column":64}},"20":{"start":{"line":34,"column":17},"end":{"line":34,"column":64}},"21":{"start":{"line":37,"column":13},"end":{"line":37,"column":35}},"22":{"start":{"line":37,"column":6},"end":{"line":37,"column":35}},"23":{"start":{"line":39,"column":6},"end":{"line":39,"column":53}},"24":{"start":{"line":42,"column":38},"end":{"line":42,"column":40}},"25":{"start":{"line":42,"column":50},"end":{"line":42,"column":52}},"26":{"start":{"line":43,"column":4},"end":{"line":43,"column":64}},"27":{"start":{"line":43,"column":17},"end":{"line":43,"column":64}},"28":{"start":{"line":46,"column":13},"end":{"line":46,"column":41}},"29":{"start":{"line":46,"column":6},"end":{"line":46,"column":41}},"30":{"start":{"line":48,"column":6},"end":{"line":48,"column":53}},"31":{"start":{"line":51,"column":37},"end":{"line":51,"column":39}},"32":{"start":{"line":51,"column":49},"end":{"line":51,"column":51}},"33":{"start":{"line":52,"column":4},"end":{"line":52,"column":64}},"34":{"start":{"line":52,"column":17},"end":{"line":52,"column":64}},"35":{"start":{"line":54,"column":8},"end":{"line":54,"column":27}},"36":{"start":{"line":57,"column":14},"end":{"line":57,"column":41}},"37":{"start":{"line":57,"column":6},"end":{"line":57,"column":41}},"38":{"start":{"line":59,"column":6},"end":{"line":59,"column":53}},"39":{"start":{"line":62,"column":4},"end":{"line":62,"column":17}},"40":{"start":{"line":64,"column":33},"end":{"line":64,"column":35}},"41":{"start":{"line":64,"column":45},"end":{"line":64,"column":47}},"42":{"start":{"line":65,"column":4},"end":{"line":65,"column":64}},"43":{"start":{"line":65,"column":17},"end":{"line":65,"column":64}},"44":{"start":{"line":67,"column":8},"end":{"line":67,"column":27}},"45":{"start":{"line":70,"column":14},"end":{"line":70,"column":37}},"46":{"start":{"line":70,"column":6},"end":{"line":70,"column":37}},"47":{"start":{"line":72,"column":6},"end":{"line":72,"column":53}},"48":{"start":{"line":75,"column":4},"end":{"line":75,"column":17}}},"fnMap":{"0":{"name":"(anonymous_13)","decl":{"start":{"line":13,"column":9},"end":{"line":13,"column":16}},"loc":{"start":{"line":13,"column":44},"end":{"line":23,"column":null}}},"1":{"name":"(anonymous_16)","decl":{"start":{"line":24,"column":8},"end":{"line":24,"column":15}},"loc":{"start":{"line":24,"column":46},"end":{"line":32,"column":null}}},"2":{"name":"(anonymous_19)","decl":{"start":{"line":33,"column":12},"end":{"line":33,"column":19}},"loc":{"start":{"line":33,"column":46},"end":{"line":41,"column":null}}},"3":{"name":"(anonymous_22)","decl":{"start":{"line":42,"column":15},"end":{"line":42,"column":22}},"loc":{"start":{"line":42,"column":52},"end":{"line":50,"column":null}}},"4":{"name":"(anonymous_25)","decl":{"start":{"line":51,"column":15},"end":{"line":51,"column":22}},"loc":{"start":{"line":51,"column":51},"end":{"line":63,"column":null}}},"5":{"name":"(anonymous_28)","decl":{"start":{"line":64,"column":13},"end":{"line":64,"column":20}},"loc":{"start":{"line":64,"column":47},"end":{"line":76,"column":null}}}},"branchMap":{"0":{"loc":{"start":{"line":19,"column":6},"end":{"line":19,"column":46}},"type":"switch","locations":[{"start":{"line":19,"column":6},"end":{"line":19,"column":46}}]},"1":{"loc":{"start":{"line":14,"column":4},"end":{"line":16,"column":null}},"type":"if","locations":[{"start":{"line":14,"column":4},"end":{"line":16,"column":null}},{"start":{"line":14,"column":4},"end":{"line":16,"column":null}}]},"2":{"loc":{"start":{"line":14,"column":8},"end":{"line":14,"column":14}},"type":"binary-expr","locations":[{"start":{"line":14,"column":8},"end":{"line":14,"column":14}},{"start":{"line":14,"column":18},"end":{"line":14,"column":27}}]},"3":{"loc":{"start":{"line":28,"column":6},"end":{"line":28,"column":39}},"type":"switch","locations":[{"start":{"line":28,"column":6},"end":{"line":28,"column":39}}]},"4":{"loc":{"start":{"line":25,"column":4},"end":{"line":25,"column":64}},"type":"if","locations":[{"start":{"line":25,"column":4},"end":{"line":25,"column":64}},{"start":{"line":25,"column":4},"end":{"line":25,"column":64}}]},"5":{"loc":{"start":{"line":37,"column":6},"end":{"line":37,"column":35}},"type":"switch","locations":[{"start":{"line":37,"column":6},"end":{"line":37,"column":35}}]},"6":{"loc":{"start":{"line":34,"column":4},"end":{"line":34,"column":64}},"type":"if","locations":[{"start":{"line":34,"column":4},"end":{"line":34,"column":64}},{"start":{"line":34,"column":4},"end":{"line":34,"column":64}}]},"7":{"loc":{"start":{"line":46,"column":6},"end":{"line":46,"column":41}},"type":"switch","locations":[{"start":{"line":46,"column":6},"end":{"line":46,"column":41}}]},"8":{"loc":{"start":{"line":43,"column":4},"end":{"line":43,"column":64}},"type":"if","locations":[{"start":{"line":43,"column":4},"end":{"line":43,"column":64}},{"start":{"line":43,"column":4},"end":{"line":43,"column":64}}]},"9":{"loc":{"start":{"line":62,"column":4},"end":{"line":62,"column":17}},"type":"switch","locations":[{"start":{"line":62,"column":4},"end":{"line":62,"column":17}}]},"10":{"loc":{"start":{"line":52,"column":4},"end":{"line":52,"column":64}},"type":"if","locations":[{"start":{"line":52,"column":4},"end":{"line":52,"column":64}},{"start":{"line":52,"column":4},"end":{"line":52,"column":64}}]},"11":{"loc":{"start":{"line":75,"column":4},"end":{"line":75,"column":17}},"type":"switch","locations":[{"start":{"line":75,"column":4},"end":{"line":75,"column":17}}]},"12":{"loc":{"start":{"line":65,"column":4},"end":{"line":65,"column":64}},"type":"if","locations":[{"start":{"line":65,"column":4},"end":{"line":65,"column":64}},{"start":{"line":65,"column":4},"end":{"line":65,"column":64}}]}},"s":{"0":5,"1":5,"2":5,"3":5,"4":0,"5":0,"6":0,"7":0,"8":0,"9":0,"10":0,"11":0,"12":0,"13":0,"14":0,"15":0,"16":0,"17":0,"18":0,"19":0,"20":0,"21":0,"22":0,"23":0,"24":0,"25":0,"26":0,"27":0,"28":0,"29":0,"30":0,"31":0,"32":0,"33":0,"34":0,"35":0,"36":0,"37":0,"38":0,"39":0,"40":0,"41":0,"42":0,"43":0,"44":0,"45":0,"46":0,"47":0,"48":0},"f":{"0":0,"1":0,"2":0,"3":0,"4":0,"5":0},"b":{"0":[0],"1":[0,0],"2":[0,0],"3":[0],"4":[0,0],"5":[0],"6":[0,0],"7":[0],"8":[0,0],"9":[0],"10":[0,0],"11":[0],"12":[0,0]}}
,"/Users/nrademacher/Projects/portfolio/pulse/api/src/modules/user/graphql/resolvers/subscriptions.ts": {"path":"/Users/nrademacher/Projects/portfolio/pulse/api/src/modules/user/graphql/resolvers/subscriptions.ts","statementMap":{"0":{"start":{"line":2,"column":0},"end":{"line":2,"column":44}},"1":{"start":{"line":4,"column":13},"end":{"line":9,"column":2}},"2":{"start":{"line":6,"column":32},"end":{"line":6,"column":34}},"3":{"start":{"line":6,"column":39},"end":{"line":6,"column":null}},"4":{"start":{"line":7,"column":33},"end":{"line":7,"column":null}},"5":{"start":{"line":7,"column":38},"end":{"line":7,"column":null}}},"fnMap":{"0":{"name":"(anonymous_13)","decl":{"start":{"line":6,"column":15},"end":{"line":6,"column":16}},"loc":{"start":{"line":6,"column":34},"end":{"line":6,"column":45}}},"1":{"name":"(anonymous_14)","decl":{"start":{"line":7,"column":13},"end":{"line":7,"column":20}},"loc":{"start":{"line":7,"column":33},"end":{"line":7,"column":null}}},"2":{"name":"(anonymous_15)","decl":{"start":{"line":7,"column":33},"end":{"line":7,"column":38}},"loc":{"start":{"line":7,"column":33},"end":{"line":7,"column":null}}}},"branchMap":{},"s":{"0":5,"1":5,"2":0,"3":0,"4":0,"5":0},"f":{"0":0,"1":0,"2":0},"b":{}}
,"/Users/nrademacher/Projects/portfolio/pulse/api/src/modules/user/prisma/index.ts": {"path":"/Users/nrademacher/Projects/portfolio/pulse/api/src/modules/user/prisma/index.ts","statementMap":{"0":{"start":{"line":1,"column":0},"end":{"line":1,"column":22}}},"fnMap":{},"branchMap":{},"s":{"0":5},"f":{},"b":{}}
,"/Users/nrademacher/Projects/portfolio/pulse/api/src/modules/user/prisma/lib/change-user.ts": {"path":"/Users/nrademacher/Projects/portfolio/pulse/api/src/modules/user/prisma/lib/change-user.ts","statementMap":{"0":{"start":{"line":1,"column":0},"end":{"line":1,"column":44}},"1":{"start":{"line":2,"column":0},"end":{"line":2,"column":46}},"2":{"start":{"line":6,"column":24},"end":{"line":8,"column":null}},"3":{"start":{"line":6,"column":8},"end":{"line":8,"column":null}},"4":{"start":{"line":10,"column":2},"end":{"line":10,"column":61}},"5":{"start":{"line":10,"column":22},"end":{"line":10,"column":61}},"6":{"start":{"line":12,"column":2},"end":{"line":14,"column":null}},"7":{"start":{"line":13,"column":4},"end":{"line":13,"column":36}},"8":{"start":{"line":16,"column":9},"end":{"line":19,"column":5}},"9":{"start":{"line":16,"column":2},"end":{"line":19,"column":5}},"10":{"start":{"line":5,"column":0},"end":{"line":5,"column":22}},"11":{"start":{"line":26,"column":24},"end":{"line":28,"column":null}},"12":{"start":{"line":26,"column":8},"end":{"line":28,"column":null}},"13":{"start":{"line":30,"column":2},"end":{"line":30,"column":61}},"14":{"start":{"line":30,"column":22},"end":{"line":30,"column":61}},"15":{"start":{"line":32,"column":2},"end":{"line":34,"column":null}},"16":{"start":{"line":33,"column":4},"end":{"line":33,"column":38}},"17":{"start":{"line":36,"column":2},"end":{"line":38,"column":null}},"18":{"start":{"line":37,"column":4},"end":{"line":37,"column":37}},"19":{"start":{"line":40,"column":9},"end":{"line":43,"column":5}},"20":{"start":{"line":40,"column":2},"end":{"line":43,"column":5}},"21":{"start":{"line":22,"column":0},"end":{"line":22,"column":22}},"22":{"start":{"line":47,"column":24},"end":{"line":49,"column":null}},"23":{"start":{"line":47,"column":8},"end":{"line":49,"column":null}},"24":{"start":{"line":51,"column":2},"end":{"line":51,"column":61}},"25":{"start":{"line":51,"column":22},"end":{"line":51,"column":61}},"26":{"start":{"line":53,"column":9},"end":{"line":56,"column":5}},"27":{"start":{"line":53,"column":2},"end":{"line":56,"column":5}},"28":{"start":{"line":46,"column":0},"end":{"line":46,"column":22}}},"fnMap":{"0":{"name":"changeUserBio","decl":{"start":{"line":5,"column":22},"end":{"line":5,"column":35}},"loc":{"start":{"line":5,"column":66},"end":{"line":20,"column":null}}},"1":{"name":"changeUserDisplayName","decl":{"start":{"line":22,"column":22},"end":{"line":22,"column":43}},"loc":{"start":{"line":24,"column":24},"end":{"line":44,"column":null}}},"2":{"name":"changeUserRole","decl":{"start":{"line":46,"column":22},"end":{"line":46,"column":36}},"loc":{"start":{"line":46,"column":74},"end":{"line":57,"column":null}}}},"branchMap":{"0":{"loc":{"start":{"line":6,"column":24},"end":{"line":8,"column":null}},"type":"switch","locations":[{"start":{"line":6,"column":24},"end":{"line":8,"column":null}},{"start":{"line":16,"column":2},"end":{"line":19,"column":5}}]},"1":{"loc":{"start":{"line":10,"column":2},"end":{"line":10,"column":61}},"type":"if","locations":[{"start":{"line":10,"column":2},"end":{"line":10,"column":61}},{"start":{"line":10,"column":2},"end":{"line":10,"column":61}}]},"2":{"loc":{"start":{"line":12,"column":2},"end":{"line":14,"column":null}},"type":"if","locations":[{"start":{"line":12,"column":2},"end":{"line":14,"column":null}},{"start":{"line":12,"column":2},"end":{"line":14,"column":null}}]},"3":{"loc":{"start":{"line":26,"column":24},"end":{"line":28,"column":null}},"type":"switch","locations":[{"start":{"line":26,"column":24},"end":{"line":28,"column":null}},{"start":{"line":40,"column":2},"end":{"line":43,"column":5}}]},"4":{"loc":{"start":{"line":30,"column":2},"end":{"line":30,"column":61}},"type":"if","locations":[{"start":{"line":30,"column":2},"end":{"line":30,"column":61}},{"start":{"line":30,"column":2},"end":{"line":30,"column":61}}]},"5":{"loc":{"start":{"line":32,"column":2},"end":{"line":34,"column":null}},"type":"if","locations":[{"start":{"line":32,"column":2},"end":{"line":34,"column":null}},{"start":{"line":32,"column":2},"end":{"line":34,"column":null}}]},"6":{"loc":{"start":{"line":36,"column":2},"end":{"line":38,"column":null}},"type":"if","locations":[{"start":{"line":36,"column":2},"end":{"line":38,"column":null}},{"start":{"line":36,"column":2},"end":{"line":38,"column":null}}]},"7":{"loc":{"start":{"line":47,"column":24},"end":{"line":49,"column":null}},"type":"switch","locations":[{"start":{"line":47,"column":24},"end":{"line":49,"column":null}},{"start":{"line":53,"column":2},"end":{"line":56,"column":5}}]},"8":{"loc":{"start":{"line":51,"column":2},"end":{"line":51,"column":61}},"type":"if","locations":[{"start":{"line":51,"column":2},"end":{"line":51,"column":61}},{"start":{"line":51,"column":2},"end":{"line":51,"column":61}}]}},"s":{"0":5,"1":5,"2":3,"3":3,"4":3,"5":1,"6":2,"7":1,"8":1,"9":1,"10":5,"11":4,"12":4,"13":4,"14":1,"15":3,"16":1,"17":2,"18":1,"19":1,"20":1,"21":5,"22":2,"23":2,"24":2,"25":1,"26":1,"27":1,"28":5},"f":{"0":3,"1":4,"2":2},"b":{"0":[3,1],"1":[1,2],"2":[1,1],"3":[4,1],"4":[1,3],"5":[1,2],"6":[1,1],"7":[2,1],"8":[1,1]}}
,"/Users/nrademacher/Projects/portfolio/pulse/api/src/modules/user/prisma/lib/create-user.ts": {"path":"/Users/nrademacher/Projects/portfolio/pulse/api/src/modules/user/prisma/lib/create-user.ts","statementMap":{"0":{"start":{"line":2,"column":0},"end":{"line":2,"column":46}},"1":{"start":{"line":3,"column":0},"end":{"line":3,"column":44}},"2":{"start":{"line":4,"column":0},"end":{"line":4,"column":34}},"3":{"start":{"line":17,"column":7},"end":{"line":17,"column":null}},"4":{"start":{"line":18,"column":10},"end":{"line":18,"column":null}},"5":{"start":{"line":19,"column":4},"end":{"line":19,"column":null}},"6":{"start":{"line":20,"column":6},"end":{"line":20,"column":null}},"7":{"start":{"line":21,"column":13},"end":{"line":21,"column":null}},"8":{"start":{"line":22,"column":6},"end":{"line":22,"column":null}},"9":{"start":{"line":23,"column":5},"end":{"line":23,"column":null}},"10":{"start":{"line":25,"column":2},"end":{"line":25,"column":48}},"11":{"start":{"line":27,"column":24},"end":{"line":27,"column":null}},"12":{"start":{"line":27,"column":8},"end":{"line":27,"column":null}},"13":{"start":{"line":28,"column":2},"end":{"line":28,"column":60}},"14":{"start":{"line":28,"column":21},"end":{"line":28,"column":60}},"15":{"start":{"line":30,"column":8},"end":{"line":30,"column":44}},"16":{"start":{"line":32,"column":2},"end":{"line":32,"column":41}},"17":{"start":{"line":32,"column":13},"end":{"line":32,"column":41}},"18":{"start":{"line":34,"column":8},"end":{"line":43,"column":4}},"19":{"start":{"line":45,"column":9},"end":{"line":47,"column":5}},"20":{"start":{"line":45,"column":2},"end":{"line":47,"column":5}},"21":{"start":{"line":16,"column":0},"end":{"line":16,"column":22}}},"fnMap":{"0":{"name":"createUser","decl":{"start":{"line":16,"column":22},"end":{"line":16,"column":32}},"loc":{"start":{"line":24,"column":9},"end":{"line":48,"column":null}}}},"branchMap":{"0":{"loc":{"start":{"line":45,"column":2},"end":{"line":47,"column":5}},"type":"switch","locations":[{"start":{"line":45,"column":2},"end":{"line":47,"column":5}}]},"1":{"loc":{"start":{"line":28,"column":2},"end":{"line":28,"column":60}},"type":"if","locations":[{"start":{"line":28,"column":2},"end":{"line":28,"column":60}},{"start":{"line":28,"column":2},"end":{"line":28,"column":60}}]},"2":{"loc":{"start":{"line":30,"column":24},"end":{"line":30,"column":32}},"type":"binary-expr","locations":[{"start":{"line":30,"column":24},"end":{"line":30,"column":32}},{"start":{"line":30,"column":36},"end":{"line":30,"column":38}}]},"3":{"loc":{"start":{"line":32,"column":2},"end":{"line":32,"column":41}},"type":"if","locations":[{"start":{"line":32,"column":2},"end":{"line":32,"column":41}},{"start":{"line":32,"column":2},"end":{"line":32,"column":41}}]}},"s":{"0":7,"1":7,"2":7,"3":34,"4":34,"5":34,"6":34,"7":34,"8":34,"9":34,"10":34,"11":27,"12":27,"13":27,"14":1,"15":26,"16":26,"17":21,"18":26,"19":26,"20":26,"21":7},"f":{"0":34},"b":{"0":[26],"1":[1,26],"2":[26,0],"3":[21,5]}}
,"/Users/nrademacher/Projects/portfolio/pulse/api/src/modules/user/prisma/lib/get-users.ts": {"path":"/Users/nrademacher/Projects/portfolio/pulse/api/src/modules/user/prisma/lib/get-users.ts","statementMap":{"0":{"start":{"line":1,"column":0},"end":{"line":1,"column":44}},"1":{"start":{"line":5,"column":9},"end":{"line":5,"column":65}},"2":{"start":{"line":5,"column":2},"end":{"line":5,"column":65}},"3":{"start":{"line":4,"column":0},"end":{"line":4,"column":22}},"4":{"start":{"line":9,"column":9},"end":{"line":9,"column":71}},"5":{"start":{"line":9,"column":2},"end":{"line":9,"column":71}},"6":{"start":{"line":8,"column":0},"end":{"line":8,"column":22}},"7":{"start":{"line":13,"column":9},"end":{"line":13,"column":67}},"8":{"start":{"line":13,"column":2},"end":{"line":13,"column":67}},"9":{"start":{"line":12,"column":0},"end":{"line":12,"column":22}},"10":{"start":{"line":17,"column":9},"end":{"line":17,"column":63}},"11":{"start":{"line":17,"column":2},"end":{"line":17,"column":63}},"12":{"start":{"line":16,"column":0},"end":{"line":16,"column":22}}},"fnMap":{"0":{"name":"getUserById","decl":{"start":{"line":4,"column":22},"end":{"line":4,"column":33}},"loc":{"start":{"line":4,"column":48},"end":{"line":6,"column":null}}},"1":{"name":"getUserByEmail","decl":{"start":{"line":8,"column":22},"end":{"line":8,"column":36}},"loc":{"start":{"line":8,"column":54},"end":{"line":10,"column":null}}},"2":{"name":"getUsersByRole","decl":{"start":{"line":12,"column":22},"end":{"line":12,"column":36}},"loc":{"start":{"line":12,"column":56},"end":{"line":14,"column":null}}},"3":{"name":"getUsersByCC","decl":{"start":{"line":16,"column":22},"end":{"line":16,"column":34}},"loc":{"start":{"line":16,"column":45},"end":{"line":18,"column":null}}}},"branchMap":{"0":{"loc":{"start":{"line":5,"column":9},"end":{"line":5,"column":65}},"type":"switch","locations":[{"start":{"line":5,"column":9},"end":{"line":5,"column":65}},{"start":{"line":5,"column":2},"end":{"line":5,"column":65}}]},"1":{"loc":{"start":{"line":9,"column":9},"end":{"line":9,"column":71}},"type":"switch","locations":[{"start":{"line":9,"column":9},"end":{"line":9,"column":71}},{"start":{"line":9,"column":2},"end":{"line":9,"column":71}}]},"2":{"loc":{"start":{"line":13,"column":9},"end":{"line":13,"column":67}},"type":"switch","locations":[{"start":{"line":13,"column":9},"end":{"line":13,"column":67}},{"start":{"line":13,"column":2},"end":{"line":13,"column":67}}]},"3":{"loc":{"start":{"line":17,"column":9},"end":{"line":17,"column":63}},"type":"switch","locations":[{"start":{"line":17,"column":9},"end":{"line":17,"column":63}},{"start":{"line":17,"column":2},"end":{"line":17,"column":63}}]}},"s":{"0":5,"1":1,"2":1,"3":5,"4":1,"5":1,"6":5,"7":1,"8":1,"9":5,"10":1,"11":1,"12":5},"f":{"0":1,"1":1,"2":1,"3":1},"b":{"0":[1,1],"1":[1,1],"2":[1,1],"3":[1,1]}}
,"/Users/nrademacher/Projects/portfolio/pulse/api/src/modules/user/prisma/lib/index.ts": {"path":"/Users/nrademacher/Projects/portfolio/pulse/api/src/modules/user/prisma/lib/index.ts","statementMap":{"0":{"start":{"line":1,"column":0},"end":{"line":1,"column":9}},"1":{"start":{"line":1,"column":9},"end":{"line":1,"column":43}},"2":{"start":{"line":2,"column":0},"end":{"line":2,"column":9}},"3":{"start":{"line":2,"column":9},"end":{"line":2,"column":41}},"4":{"start":{"line":3,"column":0},"end":{"line":3,"column":9}},"5":{"start":{"line":3,"column":9},"end":{"line":3,"column":43}},"6":{"start":{"line":4,"column":0},"end":{"line":4,"column":null}},"7":{"start":{"line":5,"column":2},"end":{"line":5,"column":null}},"8":{"start":{"line":6,"column":2},"end":{"line":6,"column":null}},"9":{"start":{"line":7,"column":2},"end":{"line":7,"column":null}},"10":{"start":{"line":9,"column":0},"end":{"line":9,"column":null}},"11":{"start":{"line":10,"column":2},"end":{"line":10,"column":null}},"12":{"start":{"line":11,"column":2},"end":{"line":11,"column":null}},"13":{"start":{"line":12,"column":2},"end":{"line":12,"column":null}},"14":{"start":{"line":13,"column":2},"end":{"line":13,"column":null}}},"fnMap":{"0":{"name":"(anonymous_0)","decl":{"start":{"line":1,"column":9},"end":{"line":1,"column":19}},"loc":{"start":{"line":1,"column":9},"end":{"line":1,"column":43}}},"1":{"name":"(anonymous_1)","decl":{"start":{"line":2,"column":9},"end":{"line":2,"column":18}},"loc":{"start":{"line":2,"column":9},"end":{"line":2,"column":41}}},"2":{"name":"(anonymous_2)","decl":{"start":{"line":3,"column":9},"end":{"line":3,"column":19}},"loc":{"start":{"line":3,"column":9},"end":{"line":3,"column":43}}},"3":{"name":"(anonymous_3)","decl":{"start":{"line":5,"column":2},"end":{"line":5,"column":15}},"loc":{"start":{"line":5,"column":2},"end":{"line":5,"column":null}}},"4":{"name":"(anonymous_4)","decl":{"start":{"line":6,"column":2},"end":{"line":6,"column":23}},"loc":{"start":{"line":6,"column":2},"end":{"line":6,"column":null}}},"5":{"name":"(anonymous_5)","decl":{"start":{"line":7,"column":2},"end":{"line":7,"column":16}},"loc":{"start":{"line":7,"column":2},"end":{"line":7,"column":null}}},"6":{"name":"(anonymous_6)","decl":{"start":{"line":10,"column":2},"end":{"line":10,"column":13}},"loc":{"start":{"line":10,"column":2},"end":{"line":10,"column":null}}},"7":{"name":"(anonymous_7)","decl":{"start":{"line":11,"column":2},"end":{"line":11,"column":16}},"loc":{"start":{"line":11,"column":2},"end":{"line":11,"column":null}}},"8":{"name":"(anonymous_8)","decl":{"start":{"line":12,"column":2},"end":{"line":12,"column":16}},"loc":{"start":{"line":12,"column":2},"end":{"line":12,"column":null}}},"9":{"name":"(anonymous_9)","decl":{"start":{"line":13,"column":2},"end":{"line":13,"column":14}},"loc":{"start":{"line":13,"column":2},"end":{"line":13,"column":null}}}},"branchMap":{},"s":{"0":5,"1":30,"2":5,"3":8,"4":5,"5":7,"6":5,"7":8,"8":9,"9":7,"10":5,"11":6,"12":6,"13":6,"14":6},"f":{"0":25,"1":3,"2":2,"3":3,"4":4,"5":2,"6":1,"7":1,"8":1,"9":1},"b":{}}
,"/Users/nrademacher/Projects/portfolio/pulse/api/src/modules/user/prisma/lib/login-user.ts": {"path":"/Users/nrademacher/Projects/portfolio/pulse/api/src/modules/user/prisma/lib/login-user.ts","statementMap":{"0":{"start":{"line":1,"column":0},"end":{"line":1,"column":44}},"1":{"start":{"line":2,"column":0},"end":{"line":2,"column":33}},"2":{"start":{"line":3,"column":0},"end":{"line":3,"column":36}},"3":{"start":{"line":4,"column":0},"end":{"line":4,"column":39}},"4":{"start":{"line":7,"column":15},"end":{"line":9,"column":null}},"5":{"start":{"line":7,"column":8},"end":{"line":9,"column":null}},"6":{"start":{"line":11,"column":2},"end":{"line":11,"column":52}},"7":{"start":{"line":11,"column":13},"end":{"line":11,"column":52}},"8":{"start":{"line":13,"column":16},"end":{"line":13,"column":null}},"9":{"start":{"line":13,"column":8},"end":{"line":13,"column":null}},"10":{"start":{"line":15,"column":2},"end":{"line":15,"column":53}},"11":{"start":{"line":15,"column":14},"end":{"line":15,"column":53}},"12":{"start":{"line":17,"column":2},"end":{"line":17,"column":77}},"13":{"start":{"line":6,"column":0},"end":{"line":6,"column":22}}},"fnMap":{"0":{"name":"loginUser","decl":{"start":{"line":6,"column":22},"end":{"line":6,"column":31}},"loc":{"start":{"line":6,"column":63},"end":{"line":18,"column":null}}}},"branchMap":{"0":{"loc":{"start":{"line":7,"column":15},"end":{"line":9,"column":null}},"type":"switch","locations":[{"start":{"line":7,"column":15},"end":{"line":9,"column":null}}]},"1":{"loc":{"start":{"line":11,"column":2},"end":{"line":11,"column":52}},"type":"if","locations":[{"start":{"line":11,"column":2},"end":{"line":11,"column":52}},{"start":{"line":11,"column":2},"end":{"line":11,"column":52}}]},"2":{"loc":{"start":{"line":15,"column":2},"end":{"line":15,"column":53}},"type":"if","locations":[{"start":{"line":15,"column":2},"end":{"line":15,"column":53}},{"start":{"line":15,"column":2},"end":{"line":15,"column":53}}]}},"s":{"0":5,"1":5,"2":5,"3":5,"4":3,"5":3,"6":3,"7":1,"8":2,"9":2,"10":2,"11":1,"12":1,"13":5},"f":{"0":3},"b":{"0":[3],"1":[1,2],"2":[1,1]}}
,"/Users/nrademacher/Projects/portfolio/pulse/api/src/modules/user/prisma/lib/verify-user.ts": {"path":"/Users/nrademacher/Projects/portfolio/pulse/api/src/modules/user/prisma/lib/verify-user.ts","statementMap":{"0":{"start":{"line":1,"column":0},"end":{"line":1,"column":44}},"1":{"start":{"line":4,"column":24},"end":{"line":6,"column":null}},"2":{"start":{"line":4,"column":8},"end":{"line":6,"column":null}},"3":{"start":{"line":8,"column":2},"end":{"line":8,"column":61}},"4":{"start":{"line":8,"column":22},"end":{"line":8,"column":61}},"5":{"start":{"line":10,"column":2},"end":{"line":13,"column":5}},"6":{"start":{"line":3,"column":0},"end":{"line":3,"column":22}}},"fnMap":{"0":{"name":"verifyUser","decl":{"start":{"line":3,"column":22},"end":{"line":3,"column":32}},"loc":{"start":{"line":3,"column":50},"end":{"line":14,"column":null}}}},"branchMap":{"0":{"loc":{"start":{"line":4,"column":24},"end":{"line":6,"column":null}},"type":"switch","locations":[{"start":{"line":4,"column":24},"end":{"line":6,"column":null}}]},"1":{"loc":{"start":{"line":8,"column":2},"end":{"line":8,"column":61}},"type":"if","locations":[{"start":{"line":8,"column":2},"end":{"line":8,"column":61}},{"start":{"line":8,"column":2},"end":{"line":8,"column":61}}]}},"s":{"0":5,"1":2,"2":2,"3":2,"4":1,"5":1,"6":5},"f":{"0":2},"b":{"0":[2],"1":[1,1]}}
,"/Users/nrademacher/Projects/portfolio/pulse/api/src/modules/user/prisma/utils/index.ts": {"path":"/Users/nrademacher/Projects/portfolio/pulse/api/src/modules/user/prisma/utils/index.ts","statementMap":{"0":{"start":{"line":1,"column":0},"end":{"line":1,"column":9}},"1":{"start":{"line":1,"column":9},"end":{"line":1,"column":60}}},"fnMap":{"0":{"name":"(anonymous_0)","decl":{"start":{"line":1,"column":9},"end":{"line":1,"column":27}},"loc":{"start":{"line":1,"column":9},"end":{"line":1,"column":60}}}},"branchMap":{},"s":{"0":7,"1":41},"f":{"0":34},"b":{}}
,"/Users/nrademacher/Projects/portfolio/pulse/api/src/modules/user/prisma/utils/validate-user-signup.ts": {"path":"/Users/nrademacher/Projects/portfolio/pulse/api/src/modules/user/prisma/utils/validate-user-signup.ts","statementMap":{"0":{"start":{"line":1,"column":0},"end":{"line":1,"column":44}},"1":{"start":{"line":2,"column":0},"end":{"line":2,"column":62}},"2":{"start":{"line":3,"column":0},"end":{"line":3,"column":46}},"3":{"start":{"line":12,"column":7},"end":{"line":12,"column":null}},"4":{"start":{"line":13,"column":10},"end":{"line":13,"column":null}},"5":{"start":{"line":14,"column":6},"end":{"line":14,"column":null}},"6":{"start":{"line":16,"column":2},"end":{"line":18,"column":null}},"7":{"start":{"line":17,"column":4},"end":{"line":17,"column":45}},"8":{"start":{"line":20,"column":24},"end":{"line":20,"column":40}},"9":{"start":{"line":20,"column":20},"end":{"line":20,"column":24}},"10":{"start":{"line":22,"column":2},"end":{"line":24,"column":null}},"11":{"start":{"line":23,"column":4},"end":{"line":23,"column":60}},"12":{"start":{"line":26,"column":2},"end":{"line":28,"column":null}},"13":{"start":{"line":27,"column":4},"end":{"line":27,"column":54}},"14":{"start":{"line":30,"column":2},"end":{"line":38,"column":null}},"15":{"start":{"line":31,"column":4},"end":{"line":33,"column":null}},"16":{"start":{"line":32,"column":6},"end":{"line":32,"column":44}},"17":{"start":{"line":35,"column":4},"end":{"line":37,"column":null}},"18":{"start":{"line":36,"column":6},"end":{"line":36,"column":43}},"19":{"start":{"line":40,"column":2},"end":{"line":40,"column":14}},"20":{"start":{"line":11,"column":0},"end":{"line":11,"column":16}}},"fnMap":{"0":{"name":"validateUserSignup","decl":{"start":{"line":11,"column":16},"end":{"line":11,"column":34}},"loc":{"start":{"line":15,"column":21},"end":{"line":41,"column":1}}}},"branchMap":{"0":{"loc":{"start":{"line":16,"column":2},"end":{"line":18,"column":null}},"type":"if","locations":[{"start":{"line":16,"column":2},"end":{"line":18,"column":null}},{"start":{"line":16,"column":2},"end":{"line":18,"column":null}}]},"1":{"loc":{"start":{"line":22,"column":2},"end":{"line":24,"column":null}},"type":"if","locations":[{"start":{"line":22,"column":2},"end":{"line":24,"column":null}},{"start":{"line":22,"column":2},"end":{"line":24,"column":null}}]},"2":{"loc":{"start":{"line":26,"column":2},"end":{"line":28,"column":null}},"type":"if","locations":[{"start":{"line":26,"column":2},"end":{"line":28,"column":null}},{"start":{"line":26,"column":2},"end":{"line":28,"column":null}}]},"3":{"loc":{"start":{"line":30,"column":2},"end":{"line":38,"column":null}},"type":"if","locations":[{"start":{"line":30,"column":2},"end":{"line":38,"column":null}},{"start":{"line":30,"column":2},"end":{"line":38,"column":null}}]},"4":{"loc":{"start":{"line":31,"column":4},"end":{"line":33,"column":null}},"type":"if","locations":[{"start":{"line":31,"column":4},"end":{"line":33,"column":null}},{"start":{"line":31,"column":4},"end":{"line":33,"column":null}}]},"5":{"loc":{"start":{"line":35,"column":4},"end":{"line":37,"column":null}},"type":"if","locations":[{"start":{"line":35,"column":4},"end":{"line":37,"column":null}},{"start":{"line":35,"column":4},"end":{"line":37,"column":null}}]}},"s":{"0":7,"1":7,"2":7,"3":34,"4":34,"5":34,"6":34,"7":2,"8":32,"9":32,"10":32,"11":1,"12":31,"13":2,"14":29,"15":3,"16":1,"17":2,"18":1,"19":27,"20":7},"f":{"0":34},"b":{"0":[2,32],"1":[1,31],"2":[2,29],"3":[3,26],"4":[1,2],"5":[1,1]}}
,"/Users/nrademacher/Projects/portfolio/pulse/api/src/utils/coerce-to-auth-error.ts": {"path":"/Users/nrademacher/Projects/portfolio/pulse/api/src/utils/coerce-to-auth-error.ts","statementMap":{"0":{"start":{"line":1,"column":0},"end":{"line":1,"column":60}},"1":{"start":{"line":8,"column":4},"end":{"line":10,"column":28}},"2":{"start":{"line":12,"column":2},"end":{"line":12,"column":41}},"3":{"start":{"line":3,"column":0},"end":{"line":3,"column":16}}},"fnMap":{"0":{"name":"coerceToAuthError","decl":{"start":{"line":3,"column":16},"end":{"line":3,"column":33}},"loc":{"start":{"line":5,"column":30},"end":{"line":13,"column":1}}}},"branchMap":{"0":{"loc":{"start":{"line":9,"column":8},"end":{"line":9,"column":30}},"type":"cond-expr","locations":[{"start":{"line":9,"column":8},"end":{"line":9,"column":30}},{"start":{"line":10,"column":8},"end":{"line":10,"column":28}}]}},"s":{"0":5,"1":0,"2":0,"3":5},"f":{"0":0},"b":{"0":[0,0]}}
,"/Users/nrademacher/Projects/portfolio/pulse/api/src/utils/index.ts": {"path":"/Users/nrademacher/Projects/portfolio/pulse/api/src/utils/index.ts","statementMap":{"0":{"start":{"line":1,"column":0},"end":{"line":1,"column":9}},"1":{"start":{"line":1,"column":9},"end":{"line":1,"column":59}},"2":{"start":{"line":2,"column":0},"end":{"line":2,"column":9}},"3":{"start":{"line":2,"column":9},"end":{"line":2,"column":51}},"4":{"start":{"line":3,"column":0},"end":{"line":3,"column":9}},"5":{"start":{"line":3,"column":9},"end":{"line":3,"column":49}}},"fnMap":{"0":{"name":"(anonymous_0)","decl":{"start":{"line":1,"column":9},"end":{"line":1,"column":26}},"loc":{"start":{"line":1,"column":9},"end":{"line":1,"column":59}}},"1":{"name":"(anonymous_1)","decl":{"start":{"line":2,"column":9},"end":{"line":2,"column":23}},"loc":{"start":{"line":2,"column":9},"end":{"line":2,"column":51}}},"2":{"name":"(anonymous_2)","decl":{"start":{"line":3,"column":9},"end":{"line":3,"column":22}},"loc":{"start":{"line":3,"column":9},"end":{"line":3,"column":49}}}},"branchMap":{},"s":{"0":5,"1":5,"2":5,"3":10,"4":5,"5":10},"f":{"0":0,"1":5,"2":5},"b":{}}
,"/Users/nrademacher/Projects/portfolio/pulse/api/src/utils/merge-contexts.ts": {"path":"/Users/nrademacher/Projects/portfolio/pulse/api/src/utils/merge-contexts.ts","statementMap":{"0":{"start":{"line":3,"column":0},"end":{"line":3,"column":33}},"1":{"start":{"line":8,"column":2},"end":{"line":8,"column":56}},"2":{"start":{"line":10,"column":2},"end":{"line":18,"column":4}},"3":{"start":{"line":10,"column":30},"end":{"line":10,"column":50}},"4":{"start":{"line":11,"column":8},"end":{"line":11,"column":33}},"5":{"start":{"line":13,"column":52},"end":{"line":13,"column":null}},"6":{"start":{"line":13,"column":28},"end":{"line":13,"column":null}},"7":{"start":{"line":13,"column":15},"end":{"line":13,"column":28}},"8":{"start":{"line":14,"column":28},"end":{"line":14,"column":34}},"9":{"start":{"line":14,"column":34},"end":{"line":14,"column":55}},"10":{"start":{"line":14,"column":55},"end":{"line":14,"column":76}},"11":{"start":{"line":14,"column":6},"end":{"line":14,"column":77}},"12":{"start":{"line":17,"column":4},"end":{"line":17,"column":31}},"13":{"start":{"line":7,"column":0},"end":{"line":7,"column":16}}},"fnMap":{"0":{"name":"mergeContexts","decl":{"start":{"line":7,"column":16},"end":{"line":7,"column":29}},"loc":{"start":{"line":7,"column":29},"end":{"line":19,"column":1}}},"1":{"name":"(anonymous_15)","decl":{"start":{"line":10,"column":9},"end":{"line":10,"column":25}},"loc":{"start":{"line":10,"column":50},"end":{"line":18,"column":4}}}},"branchMap":{"0":{"loc":{"start":{"line":17,"column":4},"end":{"line":17,"column":31}},"type":"switch","locations":[{"start":{"line":17,"column":4},"end":{"line":17,"column":31}}]},"1":{"loc":{"start":{"line":13,"column":28},"end":{"line":13,"column":null}},"type":"if","locations":[{"start":{"line":13,"column":28},"end":{"line":13,"column":null}},{"start":{"line":13,"column":28},"end":{"line":13,"column":null}}]}},"s":{"0":5,"1":15,"2":5,"3":0,"4":0,"5":0,"6":0,"7":0,"8":0,"9":0,"10":0,"11":0,"12":0,"13":5},"f":{"0":5,"1":0},"b":{"0":[0],"1":[0,0]}}
,"/Users/nrademacher/Projects/portfolio/pulse/api/src/utils/merge-resolvers.ts": {"path":"/Users/nrademacher/Projects/portfolio/pulse/api/src/utils/merge-resolvers.ts","statementMap":{"0":{"start":{"line":2,"column":0},"end":{"line":2,"column":33}},"1":{"start":{"line":4,"column":31},"end":{"line":4,"column":61}},"2":{"start":{"line":5,"column":2},"end":{"line":7,"column":null}},"3":{"start":{"line":6,"column":4},"end":{"line":6,"column":29}},"4":{"start":{"line":9,"column":26},"end":{"line":9,"column":28}},"5":{"start":{"line":11,"column":2},"end":{"line":13,"column":null}},"6":{"start":{"line":11,"column":26},"end":{"line":11,"column":40}},"7":{"start":{"line":11,"column":22},"end":{"line":11,"column":26}},"8":{"start":{"line":12,"column":4},"end":{"line":12,"column":38}},"9":{"start":{"line":15,"column":2},"end":{"line":15,"column":16}},"10":{"start":{"line":4,"column":0},"end":{"line":4,"column":16}}},"fnMap":{"0":{"name":"mergeResolvers","decl":{"start":{"line":4,"column":16},"end":{"line":4,"column":30}},"loc":{"start":{"line":4,"column":30},"end":{"line":16,"column":1}}}},"branchMap":{"0":{"loc":{"start":{"line":5,"column":2},"end":{"line":7,"column":null}},"type":"if","locations":[{"start":{"line":5,"column":2},"end":{"line":7,"column":null}},{"start":{"line":5,"column":2},"end":{"line":7,"column":null}}]}},"s":{"0":5,"1":20,"2":5,"3":0,"4":5,"5":5,"6":10,"7":10,"8":10,"9":5,"10":5},"f":{"0":5},"b":{"0":[0,5]}}
}
