TN:
SF:src/services.ts
FNF:0
FNH:0
DA:1,7
DA:2,7
DA:4,7
DA:5,7
DA:7,7
LF:5
LH:5
BRF:0
BRH:0
end_of_record
TN:
SF:src/lib/config.ts
FNF:0
FNH:0
DA:1,5
DA:3,5
DA:10,5
LF:3
LH:3
BRDA:11,0,0,5
BRDA:11,0,1,5
BRDA:12,1,0,5
BRDA:12,1,1,0
BRF:4
BRH:3
end_of_record
TN:
SF:src/lib/format-error.ts
FN:3,formatError
FNF:1
FNH:0
FNDA:0,formatError
DA:3,5
DA:4,0
DA:5,0
DA:8,0
LF:4
LH:1
BRDA:4,0,0,0
BRDA:4,0,1,0
BRF:2
BRH:0
end_of_record
TN:
SF:src/lib/index.ts
FN:1,(anonymous_0)
FN:2,(anonymous_1)
FN:3,(anonymous_2)
FNF:3
FNH:1
FNDA:0,(anonymous_0)
FNDA:1,(anonymous_1)
FNDA:0,(anonymous_2)
DA:1,5
DA:2,6
DA:3,5
LF:3
LH:3
BRF:0
BRH:0
end_of_record
TN:
SF:src/lib/schema.ts
FNF:0
FNH:0
DA:1,5
DA:2,5
DA:3,5
DA:4,5
DA:5,5
DA:7,5
DA:11,5
LF:7
LH:7
BRF:0
BRH:0
end_of_record
TN:
SF:src/modules/contexts.ts
FNF:0
FNH:0
DA:2,5
DA:3,5
DA:11,5
LF:3
LH:3
BRF:0
BRH:0
end_of_record
TN:
SF:src/modules/index.ts
FN:1,(anonymous_0)
FN:2,(anonymous_1)
FNF:2
FNH:1
FNDA:5,(anonymous_0)
FNDA:0,(anonymous_1)
DA:1,10
DA:2,5
LF:2
LH:2
BRF:0
BRH:0
end_of_record
TN:
SF:src/modules/resolvers.ts
FNF:0
FNH:0
DA:2,5
DA:3,5
DA:4,5
DA:6,5
LF:4
LH:4
BRF:0
BRH:0
end_of_record
TN:
SF:src/modules/chat/index.ts
FN:1,(anonymous_0)
FNF:1
FNH:1
FNDA:5,(anonymous_0)
DA:1,10
LF:1
LH:1
BRF:0
BRH:0
end_of_record
TN:
SF:src/modules/chat/graphql/index.ts
FNF:0
FNH:0
DA:1,5
LF:1
LH:1
BRF:0
BRH:0
end_of_record
TN:
SF:src/modules/chat/graphql/resolvers/index.ts
FN:6,(anonymous_0)
FN:7,(anonymous_1)
FN:8,(anonymous_2)
FNF:3
FNH:3
FNDA:10,(anonymous_0)
FNDA:10,(anonymous_1)
FNDA:10,(anonymous_2)
DA:1,5
DA:2,5
DA:3,5
DA:6,15
DA:7,15
DA:8,15
LF:6
LH:6
BRF:0
BRH:0
end_of_record
TN:
SF:src/modules/chat/graphql/resolvers/mutations.ts
FN:8,(anonymous_13)
FNF:1
FNH:0
FNDA:0,(anonymous_13)
DA:2,5
DA:3,5
DA:4,5
DA:5,5
DA:7,5
DA:10,0
DA:11,0
DA:13,0
DA:16,0
DA:23,0
DA:25,0
DA:27,0
DA:29,0
LF:13
LH:5
BRDA:13,0,0,0
BRDA:13,0,1,0
BRF:2
BRH:0
end_of_record
TN:
SF:src/modules/chat/graphql/resolvers/queries.ts
FN:7,(anonymous_13)
FN:16,(anonymous_16)
FN:29,(anonymous_19)
FN:42,(anonymous_22)
FNF:4
FNH:0
FNDA:0,(anonymous_13)
FNDA:0,(anonymous_16)
FNDA:0,(anonymous_19)
FNDA:0,(anonymous_22)
DA:2,5
DA:3,5
DA:4,5
DA:6,5
DA:7,0
DA:8,0
DA:11,0
DA:13,0
DA:16,0
DA:17,0
DA:19,0
DA:22,0
DA:24,0
DA:27,0
DA:29,0
DA:30,0
DA:32,0
DA:35,0
DA:37,0
DA:40,0
DA:42,0
DA:43,0
DA:45,0
DA:48,0
DA:50,0
DA:53,0
LF:26
LH:4
BRDA:11,0,0,0
BRDA:8,1,0,0
BRDA:8,1,1,0
BRDA:27,2,0,0
BRDA:17,3,0,0
BRDA:17,3,1,0
BRDA:40,4,0,0
BRDA:30,5,0,0
BRDA:30,5,1,0
BRDA:53,6,0,0
BRDA:43,7,0,0
BRDA:43,7,1,0
BRF:12
BRH:0
end_of_record
TN:
SF:src/modules/chat/graphql/resolvers/subscriptions.ts
FN:6,(anonymous_0)
FN:11,(anonymous_1)
FNF:2
FNH:0
FNDA:0,(anonymous_0)
FNDA:0,(anonymous_1)
DA:2,5
DA:4,5
DA:6,0
DA:7,0
DA:9,0
DA:12,0
LF:6
LH:2
BRDA:7,0,0,0
BRDA:7,0,1,0
BRF:2
BRH:0
end_of_record
TN:
SF:src/modules/chat/prisma/index.ts
FNF:0
FNH:0
DA:1,5
LF:1
LH:1
BRF:0
BRH:0
end_of_record
TN:
SF:src/modules/chat/prisma/lib/get-user-chats.ts
FN:3,getMessage
FN:15,getAllChats
FN:24,getUserChats
FNF:3
FNH:3
FNDA:1,getMessage
FNDA:1,getAllChats
FNDA:1,getUserChats
DA:1,7
DA:3,7
DA:4,1
DA:15,7
DA:16,1
DA:24,7
DA:25,1
LF:7
LH:7
BRDA:4,0,0,1
BRDA:4,0,1,1
BRDA:16,1,0,1
BRDA:16,1,1,1
BRDA:25,2,0,1
BRDA:25,2,1,1
BRF:6
BRH:6
end_of_record
TN:
SF:src/modules/chat/prisma/lib/index.ts
FN:1,(anonymous_0)
FN:1,(anonymous_1)
FN:1,(anonymous_2)
FN:2,(anonymous_3)
FNF:4
FNH:4
FNDA:1,(anonymous_0)
FNDA:1,(anonymous_1)
FNDA:1,(anonymous_2)
FNDA:10,(anonymous_3)
DA:1,8
DA:2,17
LF:2
LH:2
BRF:0
BRH:0
end_of_record
TN:
SF:src/modules/chat/prisma/lib/send-message.ts
FN:11,sendMessage
FNF:1
FNH:1
FNDA:10,sendMessage
DA:2,7
DA:11,7
DA:12,10
DA:13,10
DA:14,10
DA:15,10
DA:19,18
DA:20,2
DA:24,2
DA:26,1
DA:28,1
DA:31,9
DA:33,9
DA:40,9
LF:14
LH:14
BRDA:40,0,0,9
BRDA:19,1,0,8
BRDA:19,1,1,2
BRDA:19,2,0,10
BRDA:19,2,1,2
BRDA:24,3,0,1
BRDA:24,3,1,1
BRDA:31,4,0,7
BRDA:31,4,1,2
BRF:9
BRH:9
end_of_record
TN:
SF:src/modules/user/index.ts
FN:1,(anonymous_0)
FN:1,(anonymous_1)
FNF:2
FNH:2
FNDA:5,(anonymous_0)
FNDA:5,(anonymous_1)
DA:1,10
LF:1
LH:1
BRF:0
BRH:0
end_of_record
TN:
SF:src/modules/user/graphql/context.ts
FN:14,createUserContext
FNF:1
FNH:0
FNDA:0,createUserContext
DA:3,5
DA:4,5
DA:5,5
DA:6,5
DA:14,5
DA:15,0
DA:19,0
DA:21,0
DA:22,0
DA:23,0
DA:25,0
DA:26,0
DA:29,0
DA:31,0
DA:33,0
DA:34,0
DA:35,0
DA:36,0
DA:39,0
DA:42,0
DA:46,0
LF:21
LH:5
BRDA:19,0,0,0
BRDA:19,0,1,0
BRDA:19,1,0,0
BRDA:19,1,1,0
BRDA:19,2,0,0
BRDA:19,2,1,0
BRDA:19,3,0,0
BRDA:19,3,1,0
BRDA:19,4,0,0
BRDA:19,4,1,0
BRDA:21,5,0,0
BRDA:21,5,1,0
BRDA:25,6,0,0
BRDA:25,6,1,0
BRDA:25,7,0,0
BRDA:25,7,1,0
BRDA:31,8,0,0
BRDA:31,8,1,0
BRDA:33,9,0,0
BRDA:33,9,1,0
BRDA:40,10,0,0
BRDA:40,10,1,0
BRF:22
BRH:0
end_of_record
TN:
SF:src/modules/user/graphql/index.ts
FN:2,(anonymous_6)
FNF:1
FNH:1
FNDA:5,(anonymous_6)
DA:1,5
DA:2,10
LF:2
LH:2
BRF:0
BRH:0
end_of_record
TN:
SF:src/modules/user/graphql/resolvers/index.ts
FN:6,(anonymous_0)
FN:7,(anonymous_1)
FN:8,(anonymous_2)
FNF:3
FNH:3
FNDA:10,(anonymous_0)
FNDA:10,(anonymous_1)
FNDA:10,(anonymous_2)
DA:1,5
DA:2,5
DA:3,5
DA:6,15
DA:7,15
DA:8,15
LF:6
LH:6
BRF:0
BRH:0
end_of_record
TN:
SF:src/modules/user/graphql/resolvers/mutations.ts
FN:14,(anonymous_13)
FN:14,(anonymous_14)
FN:39,(anonymous_16)
FN:50,(anonymous_19)
FN:65,(anonymous_22)
FN:74,(anonymous_25)
FNF:6
FNH:0
FNDA:0,(anonymous_13)
FNDA:0,(anonymous_14)
FNDA:0,(anonymous_16)
FNDA:0,(anonymous_19)
FNDA:0,(anonymous_22)
FNDA:0,(anonymous_25)
DA:2,5
DA:9,5
DA:10,5
DA:11,5
DA:13,5
DA:14,0
DA:15,0
DA:17,0
DA:18,0
DA:22,0
DA:32,0
DA:34,0
DA:36,0
DA:39,0
DA:40,0
DA:42,0
DA:45,0
DA:47,0
DA:52,0
DA:53,0
DA:55,0
DA:57,0
DA:60,0
DA:62,0
DA:65,0
DA:66,0
DA:69,0
DA:71,0
DA:74,0
DA:75,0
DA:78,0
DA:80,0
LF:32
LH:5
BRDA:17,0,0,0
BRDA:17,0,1,0
BRDA:17,1,0,0
BRDA:17,1,1,0
BRDA:45,2,0,0
BRDA:40,3,0,0
BRDA:40,3,1,0
BRDA:42,4,0,0
BRDA:42,4,1,0
BRDA:60,5,0,0
BRDA:55,6,0,0
BRDA:55,6,1,0
BRDA:57,7,0,0
BRDA:57,7,1,0
BRDA:69,8,0,0
BRDA:66,9,0,0
BRDA:66,9,1,0
BRDA:78,10,0,0
BRDA:75,11,0,0
BRDA:75,11,1,0
BRF:20
BRH:0
end_of_record
TN:
SF:src/modules/user/graphql/resolvers/queries.ts
FN:13,(anonymous_13)
FN:24,(anonymous_16)
FN:33,(anonymous_19)
FN:42,(anonymous_22)
FN:51,(anonymous_25)
FN:64,(anonymous_28)
FNF:6
FNH:0
FNDA:0,(anonymous_13)
FNDA:0,(anonymous_16)
FNDA:0,(anonymous_19)
FNDA:0,(anonymous_22)
FNDA:0,(anonymous_25)
FNDA:0,(anonymous_28)
DA:2,5
DA:9,5
DA:10,5
DA:12,5
DA:13,0
DA:14,0
DA:15,0
DA:19,0
DA:21,0
DA:24,0
DA:25,0
DA:28,0
DA:30,0
DA:33,0
DA:34,0
DA:37,0
DA:39,0
DA:42,0
DA:43,0
DA:46,0
DA:48,0
DA:51,0
DA:52,0
DA:54,0
DA:57,0
DA:59,0
DA:62,0
DA:64,0
DA:65,0
DA:67,0
DA:70,0
DA:72,0
DA:75,0
LF:33
LH:4
BRDA:19,0,0,0
BRDA:14,1,0,0
BRDA:14,1,1,0
BRDA:14,2,0,0
BRDA:14,2,1,0
BRDA:28,3,0,0
BRDA:25,4,0,0
BRDA:25,4,1,0
BRDA:37,5,0,0
BRDA:34,6,0,0
BRDA:34,6,1,0
BRDA:46,7,0,0
BRDA:43,8,0,0
BRDA:43,8,1,0
BRDA:62,9,0,0
BRDA:52,10,0,0
BRDA:52,10,1,0
BRDA:75,11,0,0
BRDA:65,12,0,0
BRDA:65,12,1,0
BRF:20
BRH:0
end_of_record
TN:
SF:src/modules/user/graphql/resolvers/subscriptions.ts
FN:6,(anonymous_13)
FN:7,(anonymous_14)
FN:7,(anonymous_15)
FNF:3
FNH:0
FNDA:0,(anonymous_13)
FNDA:0,(anonymous_14)
FNDA:0,(anonymous_15)
DA:2,5
DA:4,5
DA:6,0
DA:7,0
LF:4
LH:2
BRF:0
BRH:0
end_of_record
TN:
SF:src/modules/user/prisma/index.ts
FNF:0
FNH:0
DA:1,5
LF:1
LH:1
BRF:0
BRH:0
end_of_record
TN:
SF:src/modules/user/prisma/lib/change-user.ts
FN:5,changeUserBio
FN:22,changeUserDisplayName
FN:46,changeUserRole
FNF:3
FNH:3
FNDA:3,changeUserBio
FNDA:4,changeUserDisplayName
FNDA:2,changeUserRole
DA:1,5
DA:2,5
DA:5,5
DA:6,3
DA:10,3
DA:12,2
DA:13,1
DA:16,1
DA:22,5
DA:26,4
DA:30,4
DA:32,3
DA:33,1
DA:36,2
DA:37,1
DA:40,1
DA:46,5
DA:47,2
DA:51,2
DA:53,1
LF:20
LH:20
BRDA:6,0,0,3
BRDA:6,0,1,1
BRDA:10,1,0,1
BRDA:10,1,1,2
BRDA:12,2,0,1
BRDA:12,2,1,1
BRDA:26,3,0,4
BRDA:26,3,1,1
BRDA:30,4,0,1
BRDA:30,4,1,3
BRDA:32,5,0,1
BRDA:32,5,1,2
BRDA:36,6,0,1
BRDA:36,6,1,1
BRDA:47,7,0,2
BRDA:47,7,1,1
BRDA:51,8,0,1
BRDA:51,8,1,1
BRF:18
BRH:18
end_of_record
TN:
SF:src/modules/user/prisma/lib/create-user.ts
FN:16,createUser
FNF:1
FNH:1
FNDA:34,createUser
DA:2,7
DA:3,7
DA:4,7
DA:16,7
DA:17,34
DA:18,34
DA:19,34
DA:20,34
DA:21,34
DA:22,34
DA:23,34
DA:25,34
DA:27,27
DA:28,27
DA:30,26
DA:32,26
DA:34,26
DA:45,26
LF:18
LH:18
BRDA:45,0,0,26
BRDA:28,1,0,1
BRDA:28,1,1,26
BRDA:30,2,0,26
BRDA:30,2,1,0
BRDA:32,3,0,21
BRDA:32,3,1,5
BRF:7
BRH:6
end_of_record
TN:
SF:src/modules/user/prisma/lib/get-users.ts
FN:4,getUserById
FN:8,getUserByEmail
FN:12,getUsersByRole
FN:16,getUsersByCC
FNF:4
FNH:4
FNDA:1,getUserById
FNDA:1,getUserByEmail
FNDA:1,getUsersByRole
FNDA:1,getUsersByCC
DA:1,5
DA:4,5
DA:5,1
DA:8,5
DA:9,1
DA:12,5
DA:13,1
DA:16,5
DA:17,1
LF:9
LH:9
BRDA:5,0,0,1
BRDA:5,0,1,1
BRDA:9,1,0,1
BRDA:9,1,1,1
BRDA:13,2,0,1
BRDA:13,2,1,1
BRDA:17,3,0,1
BRDA:17,3,1,1
BRF:8
BRH:8
end_of_record
TN:
SF:src/modules/user/prisma/lib/index.ts
FN:1,(anonymous_0)
FN:2,(anonymous_1)
FN:3,(anonymous_2)
FN:5,(anonymous_3)
FN:6,(anonymous_4)
FN:7,(anonymous_5)
FN:10,(anonymous_6)
FN:11,(anonymous_7)
FN:12,(anonymous_8)
FN:13,(anonymous_9)
FNF:10
FNH:10
FNDA:25,(anonymous_0)
FNDA:3,(anonymous_1)
FNDA:2,(anonymous_2)
FNDA:3,(anonymous_3)
FNDA:4,(anonymous_4)
FNDA:2,(anonymous_5)
FNDA:1,(anonymous_6)
FNDA:1,(anonymous_7)
FNDA:1,(anonymous_8)
FNDA:1,(anonymous_9)
DA:1,30
DA:2,8
DA:3,7
DA:4,5
DA:5,8
DA:6,9
DA:7,7
DA:9,5
DA:10,6
DA:11,6
DA:12,6
DA:13,6
LF:12
LH:12
BRF:0
BRH:0
end_of_record
TN:
SF:src/modules/user/prisma/lib/login-user.ts
FN:6,loginUser
FNF:1
FNH:1
FNDA:3,loginUser
DA:1,5
DA:2,5
DA:3,5
DA:4,5
DA:6,5
DA:7,3
DA:11,3
DA:13,2
DA:15,2
DA:17,1
LF:10
LH:10
BRDA:7,0,0,3
BRDA:11,1,0,1
BRDA:11,1,1,2
BRDA:15,2,0,1
BRDA:15,2,1,1
BRF:5
BRH:5
end_of_record
TN:
SF:src/modules/user/prisma/lib/verify-user.ts
FN:3,verifyUser
FNF:1
FNH:1
FNDA:2,verifyUser
DA:1,5
DA:3,5
DA:4,2
DA:8,2
DA:10,1
LF:5
LH:5
BRDA:4,0,0,2
BRDA:8,1,0,1
BRDA:8,1,1,1
BRF:3
BRH:3
end_of_record
TN:
SF:src/modules/user/prisma/utils/index.ts
FN:1,(anonymous_0)
FNF:1
FNH:1
FNDA:34,(anonymous_0)
DA:1,41
LF:1
LH:1
BRF:0
BRH:0
end_of_record
TN:
SF:src/modules/user/prisma/utils/validate-user-signup.ts
FN:11,validateUserSignup
FNF:1
FNH:1
FNDA:34,validateUserSignup
DA:1,7
DA:2,7
DA:3,7
DA:11,7
DA:12,34
DA:13,34
DA:14,34
DA:16,34
DA:17,2
DA:20,32
DA:22,32
DA:23,1
DA:26,31
DA:27,2
DA:30,29
DA:31,3
DA:32,1
DA:35,2
DA:36,1
DA:40,27
LF:20
LH:20
BRDA:16,0,0,2
BRDA:16,0,1,32
BRDA:22,1,0,1
BRDA:22,1,1,31
BRDA:26,2,0,2
BRDA:26,2,1,29
BRDA:30,3,0,3
BRDA:30,3,1,26
BRDA:31,4,0,1
BRDA:31,4,1,2
BRDA:35,5,0,1
BRDA:35,5,1,1
BRF:12
BRH:12
end_of_record
TN:
SF:src/utils/coerce-to-auth-error.ts
FN:3,coerceToAuthError
FNF:1
FNH:0
FNDA:0,coerceToAuthError
DA:1,5
DA:3,5
DA:8,0
DA:12,0
LF:4
LH:2
BRDA:9,0,0,0
BRDA:9,0,1,0
BRF:2
BRH:0
end_of_record
TN:
SF:src/utils/index.ts
FN:1,(anonymous_0)
FN:2,(anonymous_1)
FN:3,(anonymous_2)
FNF:3
FNH:2
FNDA:0,(anonymous_0)
FNDA:5,(anonymous_1)
FNDA:5,(anonymous_2)
DA:1,5
DA:2,10
DA:3,10
LF:3
LH:3
BRF:0
BRH:0
end_of_record
TN:
SF:src/utils/merge-contexts.ts
FN:7,mergeContexts
FN:10,(anonymous_15)
FNF:2
FNH:1
FNDA:5,mergeContexts
FNDA:0,(anonymous_15)
DA:3,5
DA:7,5
DA:8,15
DA:10,5
DA:11,0
DA:13,0
DA:14,0
DA:17,0
LF:8
LH:4
BRDA:17,0,0,0
BRDA:13,1,0,0
BRDA:13,1,1,0
BRF:3
BRH:0
end_of_record
TN:
SF:src/utils/merge-resolvers.ts
FN:4,mergeResolvers
FNF:1
FNH:1
FNDA:5,mergeResolvers
DA:2,5
DA:4,20
DA:5,5
DA:6,0
DA:9,5
DA:11,10
DA:12,10
DA:15,5
LF:8
LH:7
BRDA:5,0,0,0
BRDA:5,0,1,5
BRF:2
BRH:1
end_of_record
